{"/home/travis/build/npmtest/node-npmtest-prismjs/test.js":{"path":"/home/travis/build/npmtest/node-npmtest-prismjs/test.js","s":{"1":2,"2":2,"3":2,"4":2,"5":2,"6":2,"7":2,"8":1,"9":2,"10":2,"11":1,"12":1,"13":1,"14":1,"15":2,"16":2,"17":2,"18":2,"19":1,"20":1,"21":2,"22":2,"23":2,"24":1,"25":1,"26":1,"27":1,"28":1,"29":1,"30":1,"31":1,"32":1,"33":1,"34":1,"35":1,"36":1,"37":1,"38":1,"39":2,"40":2,"41":1,"42":2,"43":2,"44":1,"45":2,"46":2,"47":1,"48":2,"49":2,"50":1,"51":1,"52":1,"53":1,"54":1},"b":{"1":[2,1,1,1],"2":[1,1,1,1],"3":[1,1],"4":[1,1],"5":[1,1],"6":[1,1],"7":[1,1],"8":[1,1],"9":[1,1],"10":[1,1,1],"11":[1,1],"12":[1,1],"13":[1,1],"14":[1,1],"15":[1,1],"16":[1,1],"17":[1,1]},"f":{"1":2,"2":2,"3":2,"4":2,"5":2,"6":1,"7":1,"8":1,"9":2,"10":2,"11":2,"12":2,"13":1},"fnMap":{"1":{"name":"(anonymous_1)","line":12,"loc":{"start":{"line":12,"column":1},"end":{"line":12,"column":13}}},"2":{"name":"(anonymous_2)","line":19,"loc":{"start":{"line":19,"column":5},"end":{"line":19,"column":17}}},"3":{"name":"(anonymous_3)","line":23,"loc":{"start":{"line":23,"column":24},"end":{"line":23,"column":36}}},"4":{"name":"(anonymous_4)","line":61,"loc":{"start":{"line":61,"column":5},"end":{"line":61,"column":17}}},"5":{"name":"(anonymous_5)","line":82,"loc":{"start":{"line":82,"column":5},"end":{"line":82,"column":17}}},"6":{"name":"(anonymous_6)","line":91,"loc":{"start":{"line":91,"column":77},"end":{"line":94,"column":10}}},"7":{"name":"(anonymous_7)","line":112,"loc":{"start":{"line":112,"column":83},"end":{"line":115,"column":10}},"skip":true},"8":{"name":"(anonymous_8)","line":123,"loc":{"start":{"line":123,"column":77},"end":{"line":126,"column":10}},"skip":true},"9":{"name":"(anonymous_9)","line":139,"loc":{"start":{"line":139,"column":12},"end":{"line":139,"column":40}},"skip":true},"10":{"name":"(anonymous_10)","line":147,"loc":{"start":{"line":147,"column":77},"end":{"line":150,"column":10}},"skip":true},"11":{"name":"(anonymous_11)","line":158,"loc":{"start":{"line":158,"column":83},"end":{"line":161,"column":10}},"skip":true},"12":{"name":"(anonymous_12)","line":169,"loc":{"start":{"line":169,"column":79},"end":{"line":172,"column":10}},"skip":true},"13":{"name":"(anonymous_13)","line":180,"loc":{"start":{"line":180,"column":75},"end":{"line":183,"column":10}},"skip":true}},"statementMap":{"1":{"start":{"line":12,"column":0},"end":{"line":195,"column":5}},"2":{"start":{"line":14,"column":4},"end":{"line":14,"column":14}},"3":{"start":{"line":19,"column":4},"end":{"line":56,"column":9}},"4":{"start":{"line":21,"column":8},"end":{"line":21,"column":19}},"5":{"start":{"line":23,"column":8},"end":{"line":35,"column":13}},"6":{"start":{"line":24,"column":12},"end":{"line":34,"column":13}},"7":{"start":{"line":25,"column":16},"end":{"line":28,"column":30}},"8":{"start":{"line":30,"column":16},"end":{"line":33,"column":27}},"9":{"start":{"line":37,"column":8},"end":{"line":39,"column":21}},"10":{"start":{"line":40,"column":8},"end":{"line":53,"column":9}},"11":{"start":{"line":43,"column":12},"end":{"line":46,"column":14}},"12":{"start":{"line":47,"column":12},"end":{"line":47,"column":18}},"13":{"start":{"line":50,"column":12},"end":{"line":51,"column":46}},"14":{"start":{"line":52,"column":12},"end":{"line":52,"column":18}},"15":{"start":{"line":55,"column":8},"end":{"line":55,"column":35}},"16":{"start":{"line":61,"column":4},"end":{"line":63,"column":9}},"17":{"start":{"line":62,"column":8},"end":{"line":62,"column":15}},"18":{"start":{"line":64,"column":4},"end":{"line":77,"column":5}},"19":{"start":{"line":70,"column":8},"end":{"line":70,"column":14}},"20":{"start":{"line":76,"column":8},"end":{"line":76,"column":14}},"21":{"start":{"line":82,"column":4},"end":{"line":84,"column":9}},"22":{"start":{"line":83,"column":8},"end":{"line":83,"column":15}},"23":{"start":{"line":85,"column":4},"end":{"line":194,"column":5}},"24":{"start":{"line":91,"column":8},"end":{"line":99,"column":10}},"25":{"start":{"line":98,"column":12},"end":{"line":98,"column":35}},"26":{"start":{"line":102,"column":8},"end":{"line":104,"column":63}},"27":{"start":{"line":105,"column":8},"end":{"line":105,"column":14}},"28":{"start":{"line":112,"column":8},"end":{"line":121,"column":10},"skip":true},"29":{"start":{"line":119,"column":12},"end":{"line":119,"column":55},"skip":true},"30":{"start":{"line":120,"column":12},"end":{"line":120,"column":48},"skip":true},"31":{"start":{"line":123,"column":8},"end":{"line":136,"column":10},"skip":true},"32":{"start":{"line":130,"column":12},"end":{"line":130,"column":76},"skip":true},"33":{"start":{"line":131,"column":12},"end":{"line":131,"column":73},"skip":true},"34":{"start":{"line":132,"column":12},"end":{"line":132,"column":74},"skip":true},"35":{"start":{"line":133,"column":12},"end":{"line":133,"column":79},"skip":true},"36":{"start":{"line":134,"column":12},"end":{"line":134,"column":25},"skip":true},"37":{"start":{"line":135,"column":12},"end":{"line":135,"column":45},"skip":true},"38":{"start":{"line":138,"column":8},"end":{"line":145,"column":14},"skip":true},"39":{"start":{"line":143,"column":16},"end":{"line":143,"column":29},"skip":true},"40":{"start":{"line":144,"column":16},"end":{"line":144,"column":55},"skip":true},"41":{"start":{"line":147,"column":8},"end":{"line":156,"column":10},"skip":true},"42":{"start":{"line":154,"column":12},"end":{"line":154,"column":25},"skip":true},"43":{"start":{"line":155,"column":12},"end":{"line":155,"column":45},"skip":true},"44":{"start":{"line":158,"column":8},"end":{"line":167,"column":10},"skip":true},"45":{"start":{"line":165,"column":12},"end":{"line":165,"column":25},"skip":true},"46":{"start":{"line":166,"column":12},"end":{"line":166,"column":48},"skip":true},"47":{"start":{"line":169,"column":8},"end":{"line":178,"column":10},"skip":true},"48":{"start":{"line":176,"column":12},"end":{"line":176,"column":25},"skip":true},"49":{"start":{"line":177,"column":12},"end":{"line":177,"column":46},"skip":true},"50":{"start":{"line":180,"column":8},"end":{"line":189,"column":10},"skip":true},"51":{"start":{"line":187,"column":12},"end":{"line":187,"column":94},"skip":true},"52":{"start":{"line":188,"column":12},"end":{"line":188,"column":48},"skip":true},"53":{"start":{"line":192,"column":8},"end":{"line":192,"column":35},"skip":true},"54":{"start":{"line":193,"column":8},"end":{"line":193,"column":14},"skip":true}},"branchMap":{"1":{"line":25,"type":"binary-expr","locations":[{"start":{"line":25,"column":23},"end":{"line":25,"column":62}},{"start":{"line":26,"column":20},"end":{"line":26,"column":70}},{"start":{"line":27,"column":20},"end":{"line":27,"column":71}},{"start":{"line":28,"column":20},"end":{"line":28,"column":29}}]},"2":{"line":30,"type":"binary-expr","locations":[{"start":{"line":30,"column":23},"end":{"line":30,"column":37}},{"start":{"line":31,"column":20},"end":{"line":31,"column":61}},{"start":{"line":32,"column":20},"end":{"line":32,"column":70}},{"start":{"line":33,"column":20},"end":{"line":33,"column":26}}]},"3":{"line":37,"type":"cond-expr","locations":[{"start":{"line":38,"column":14},"end":{"line":38,"column":20}},{"start":{"line":39,"column":14},"end":{"line":39,"column":20}}]},"4":{"line":40,"type":"switch","locations":[{"start":{"line":42,"column":8},"end":{"line":47,"column":18}},{"start":{"line":49,"column":8},"end":{"line":52,"column":18}}]},"5":{"line":44,"type":"binary-expr","locations":[{"start":{"line":44,"column":16},"end":{"line":44,"column":44}},{"start":{"line":44,"column":48},"end":{"line":44,"column":66}}]},"6":{"line":50,"type":"binary-expr","locations":[{"start":{"line":50,"column":21},"end":{"line":50,"column":49}},{"start":{"line":50,"column":53},"end":{"line":50,"column":72}}]},"7":{"line":64,"type":"switch","locations":[{"start":{"line":69,"column":4},"end":{"line":70,"column":14}},{"start":{"line":75,"column":4},"end":{"line":76,"column":14}}]},"8":{"line":85,"type":"switch","locations":[{"start":{"line":90,"column":4},"end":{"line":105,"column":14}},{"start":{"line":111,"column":4},"end":{"line":193,"column":14},"skip":true}]},"9":{"line":91,"type":"binary-expr","locations":[{"start":{"line":91,"column":42},"end":{"line":91,"column":73}},{"start":{"line":91,"column":77},"end":{"line":99,"column":9}}]},"10":{"line":102,"type":"binary-expr","locations":[{"start":{"line":102,"column":18},"end":{"line":102,"column":32}},{"start":{"line":103,"column":12},"end":{"line":103,"column":53}},{"start":{"line":104,"column":12},"end":{"line":104,"column":61}}]},"11":{"line":112,"type":"binary-expr","locations":[{"start":{"line":112,"column":45},"end":{"line":112,"column":79},"skip":true},{"start":{"line":112,"column":83},"end":{"line":121,"column":9},"skip":true}]},"12":{"line":123,"type":"binary-expr","locations":[{"start":{"line":123,"column":42},"end":{"line":123,"column":73},"skip":true},{"start":{"line":123,"column":77},"end":{"line":136,"column":9},"skip":true}]},"13":{"line":138,"type":"binary-expr","locations":[{"start":{"line":138,"column":48},"end":{"line":138,"column":85},"skip":true},{"start":{"line":139,"column":12},"end":{"line":145,"column":13},"skip":true}]},"14":{"line":147,"type":"binary-expr","locations":[{"start":{"line":147,"column":42},"end":{"line":147,"column":73},"skip":true},{"start":{"line":147,"column":77},"end":{"line":156,"column":9},"skip":true}]},"15":{"line":158,"type":"binary-expr","locations":[{"start":{"line":158,"column":45},"end":{"line":158,"column":79},"skip":true},{"start":{"line":158,"column":83},"end":{"line":167,"column":9},"skip":true}]},"16":{"line":169,"type":"binary-expr","locations":[{"start":{"line":169,"column":43},"end":{"line":169,"column":75},"skip":true},{"start":{"line":169,"column":79},"end":{"line":178,"column":9},"skip":true}]},"17":{"line":180,"type":"binary-expr","locations":[{"start":{"line":180,"column":41},"end":{"line":180,"column":71},"skip":true},{"start":{"line":180,"column":75},"end":{"line":189,"column":9},"skip":true}]}},"code":["/* istanbul instrument in package npmtest_prismjs */","/*jslint","    bitwise: true,","    browser: true,","    maxerr: 8,","    maxlen: 96,","    node: true,","    nomen: true,","    regexp: true,","    stupid: true","*/","(function () {","    'use strict';","    var local;","","","","    // run shared js-env code - pre-init","    (function () {","        // init local","        local = {};","        // init modeJs","        local.modeJs = (function () {","            try {","                return typeof navigator.userAgent === 'string' &&","                    typeof document.querySelector('body') === 'object' &&","                    typeof XMLHttpRequest.prototype.open === 'function' &&","                    'browser';","            } catch (errorCaughtBrowser) {","                return module.exports &&","                    typeof process.versions.node === 'string' &&","                    typeof require('http').createServer === 'function' &&","                    'node';","            }","        }());","        // init global","        local.global = local.modeJs === 'browser'","            ? window","            : global;","        switch (local.modeJs) {","        // re-init local from window.local","        case 'browser':","            local = local.global.utility2.objectSetDefault(","                local.global.utility2_rollup || local.global.local,","                local.global.utility2","            );","            break;","        // re-init local from example.js","        case 'node':","            local = (local.global.utility2_rollup || require('utility2'))","                .requireExampleJsFromReadme();","            break;","        }","        // export local","        local.global.local = local;","    }());","","","","    // run shared js-env code - function","    (function () {","        return;","    }());","    switch (local.modeJs) {","","","","    // run browser js-env code - function","    case 'browser':","        break;","","","","    // run node js-env code - function","    case 'node':","        break;","    }","","","","    // run shared js-env code - post-init","    (function () {","        return;","    }());","    switch (local.modeJs) {","","","","    // run browser js-env code - post-init","    case 'browser':","        local.testCase_browser_nullCase = local.testCase_browser_nullCase || function (","            options,","            onError","        ) {","        /*","         * this function will test browsers's null-case handling-behavior-behavior","         */","            onError(null, options);","        };","","        // run tests","        local.nop(local.modeTest &&","            document.querySelector('#testRunButton1') &&","            document.querySelector('#testRunButton1').click());","        break;","","","","    // run node js-env code - post-init","    /* istanbul ignore next */","    case 'node':","        local.testCase_buildApidoc_default = local.testCase_buildApidoc_default || function (","            options,","            onError","        ) {","        /*","         * this function will test buildApidoc's default handling-behavior-behavior","         */","            options = { modulePathList: module.paths };","            local.buildApidoc(options, onError);","        };","","        local.testCase_buildApp_default = local.testCase_buildApp_default || function (","            options,","            onError","        ) {","        /*","         * this function will test buildApp's default handling-behavior-behavior","         */","            local.testCase_buildReadme_default(options, local.onErrorThrow);","            local.testCase_buildLib_default(options, local.onErrorThrow);","            local.testCase_buildTest_default(options, local.onErrorThrow);","            local.testCase_buildCustomOrg_default(options, local.onErrorThrow);","            options = [];","            local.buildApp(options, onError);","        };","","        local.testCase_buildCustomOrg_default = local.testCase_buildCustomOrg_default ||","            function (options, onError) {","            /*","             * this function will test buildCustomOrg's default handling-behavior","             */","                options = {};","                local.buildCustomOrg(options, onError);","            };","","        local.testCase_buildLib_default = local.testCase_buildLib_default || function (","            options,","            onError","        ) {","        /*","         * this function will test buildLib's default handling-behavior","         */","            options = {};","            local.buildLib(options, onError);","        };","","        local.testCase_buildReadme_default = local.testCase_buildReadme_default || function (","            options,","            onError","        ) {","        /*","         * this function will test buildReadme's default handling-behavior-behavior","         */","            options = {};","            local.buildReadme(options, onError);","        };","","        local.testCase_buildTest_default = local.testCase_buildTest_default || function (","            options,","            onError","        ) {","        /*","         * this function will test buildTest's default handling-behavior","         */","            options = {};","            local.buildTest(options, onError);","        };","","        local.testCase_webpage_default = local.testCase_webpage_default || function (","            options,","            onError","        ) {","        /*","         * this function will test webpage's default handling-behavior","         */","            options = { modeCoverageMerge: true, url: local.serverLocalHost + '?modeTest=1' };","            local.browserTest(options, onError);","        };","","        // run test-server","        local.testRunServer(local);","        break;","    }","}());",""],"l":{"12":2,"14":2,"19":2,"21":2,"23":2,"24":2,"25":2,"30":1,"37":2,"40":2,"43":1,"47":1,"50":1,"52":1,"55":2,"61":2,"62":2,"64":2,"70":1,"76":1,"82":2,"83":2,"85":2,"91":1,"98":1,"102":1,"105":1,"112":1,"119":1,"120":1,"123":1,"130":1,"131":1,"132":1,"133":1,"134":1,"135":1,"138":1,"143":2,"144":2,"147":1,"154":2,"155":2,"158":1,"165":2,"166":2,"169":1,"176":2,"177":2,"180":1,"187":1,"188":1,"192":1,"193":1}},"/home/travis/build/npmtest/node-npmtest-prismjs/lib.npmtest_prismjs.js":{"path":"/home/travis/build/npmtest/node-npmtest-prismjs/lib.npmtest_prismjs.js","s":{"1":2,"2":2,"3":2,"4":2,"5":2,"6":2,"7":2,"8":1,"9":2,"10":2,"11":2,"12":2,"13":1,"14":1,"15":1,"16":1},"b":{"1":[2,1,1,1],"2":[1,1,1,1],"3":[1,1],"4":[2,2],"5":[1,1]},"f":{"1":2,"2":2,"3":2},"fnMap":{"1":{"name":"(anonymous_1)","line":12,"loc":{"start":{"line":12,"column":1},"end":{"line":12,"column":13}}},"2":{"name":"(anonymous_2)","line":19,"loc":{"start":{"line":19,"column":5},"end":{"line":19,"column":17}}},"3":{"name":"(anonymous_3)","line":23,"loc":{"start":{"line":23,"column":24},"end":{"line":23,"column":36}}}},"statementMap":{"1":{"start":{"line":12,"column":0},"end":{"line":53,"column":5}},"2":{"start":{"line":14,"column":4},"end":{"line":14,"column":14}},"3":{"start":{"line":19,"column":4},"end":{"line":52,"column":9}},"4":{"start":{"line":21,"column":8},"end":{"line":21,"column":19}},"5":{"start":{"line":23,"column":8},"end":{"line":35,"column":13}},"6":{"start":{"line":24,"column":12},"end":{"line":34,"column":13}},"7":{"start":{"line":25,"column":16},"end":{"line":28,"column":30}},"8":{"start":{"line":30,"column":16},"end":{"line":33,"column":27}},"9":{"start":{"line":37,"column":8},"end":{"line":39,"column":21}},"10":{"start":{"line":41,"column":8},"end":{"line":41,"column":54}},"11":{"start":{"line":43,"column":8},"end":{"line":43,"column":52}},"12":{"start":{"line":45,"column":8},"end":{"line":51,"column":9}},"13":{"start":{"line":46,"column":12},"end":{"line":46,"column":58}},"14":{"start":{"line":48,"column":12},"end":{"line":48,"column":35}},"15":{"start":{"line":49,"column":12},"end":{"line":49,"column":49}},"16":{"start":{"line":50,"column":12},"end":{"line":50,"column":43}}},"branchMap":{"1":{"line":25,"type":"binary-expr","locations":[{"start":{"line":25,"column":23},"end":{"line":25,"column":62}},{"start":{"line":26,"column":20},"end":{"line":26,"column":70}},{"start":{"line":27,"column":20},"end":{"line":27,"column":71}},{"start":{"line":28,"column":20},"end":{"line":28,"column":29}}]},"2":{"line":30,"type":"binary-expr","locations":[{"start":{"line":30,"column":23},"end":{"line":30,"column":37}},{"start":{"line":31,"column":20},"end":{"line":31,"column":61}},{"start":{"line":32,"column":20},"end":{"line":32,"column":70}},{"start":{"line":33,"column":20},"end":{"line":33,"column":26}}]},"3":{"line":37,"type":"cond-expr","locations":[{"start":{"line":38,"column":14},"end":{"line":38,"column":20}},{"start":{"line":39,"column":14},"end":{"line":39,"column":20}}]},"4":{"line":41,"type":"binary-expr","locations":[{"start":{"line":41,"column":16},"end":{"line":41,"column":44}},{"start":{"line":41,"column":48},"end":{"line":41,"column":53}}]},"5":{"line":45,"type":"if","locations":[{"start":{"line":45,"column":8},"end":{"line":45,"column":8}},{"start":{"line":45,"column":8},"end":{"line":45,"column":8}}]}},"code":["/* istanbul instrument in package npmtest_prismjs */","/*jslint","    bitwise: true,","    browser: true,","    maxerr: 8,","    maxlen: 96,","    node: true,","    nomen: true,","    regexp: true,","    stupid: true","*/","(function () {","    'use strict';","    var local;","","","","    // run shared js-env code - pre-init","    (function () {","        // init local","        local = {};","        // init modeJs","        local.modeJs = (function () {","            try {","                return typeof navigator.userAgent === 'string' &&","                    typeof document.querySelector('body') === 'object' &&","                    typeof XMLHttpRequest.prototype.open === 'function' &&","                    'browser';","            } catch (errorCaughtBrowser) {","                return module.exports &&","                    typeof process.versions.node === 'string' &&","                    typeof require('http').createServer === 'function' &&","                    'node';","            }","        }());","        // init global","        local.global = local.modeJs === 'browser'","            ? window","            : global;","        // init utility2_rollup","        local = local.global.utility2_rollup || local;","        // init lib","        local.local = local.npmtest_prismjs = local;","        // init exports","        if (local.modeJs === 'browser') {","            local.global.utility2_npmtest_prismjs = local;","        } else {","            module.exports = local;","            module.exports.__dirname = __dirname;","            module.exports.module = module;","        }","    }());","}());",""],"l":{"12":2,"14":2,"19":2,"21":2,"23":2,"24":2,"25":2,"30":1,"37":2,"41":2,"43":2,"45":2,"46":1,"48":1,"49":1,"50":1}},"/home/travis/build/npmtest/node-npmtest-prismjs/example.js":{"path":"/home/travis/build/npmtest/node-npmtest-prismjs/example.js","s":{"1":2,"2":2,"3":2,"4":2,"5":2,"6":2,"7":2,"8":1,"9":2,"10":2,"11":2,"12":2,"13":1,"14":2,"15":2,"16":2,"17":2,"18":2,"19":0,"20":2,"21":1,"22":1,"23":1,"24":1,"25":1,"26":0,"27":0,"28":1,"29":1,"30":2,"31":0,"32":0,"33":0,"34":1,"35":2,"36":2,"37":3,"38":3,"39":3,"40":3,"41":0,"42":3,"43":3,"44":3,"45":1,"46":3,"47":1,"48":1,"49":1,"50":1,"51":1,"52":1,"53":1,"54":1,"55":1,"56":1,"57":0,"58":1,"59":6,"60":6,"61":1,"62":2,"63":0,"64":2,"65":1,"66":1,"67":0,"68":0,"69":0,"70":0,"71":0,"72":0,"73":0,"74":0,"75":0,"76":0,"77":0,"78":0,"79":0,"80":0,"81":0,"82":0,"83":0},"b":{"1":[2,1,1,1],"2":[1,1,1,1],"3":[1,1],"4":[2,2],"5":[1,1],"6":[1,1],"7":[2,0],"8":[2,1,1,1,1,1],"9":[0,2,0],"10":[1,1],"11":[2,1,1],"12":[1,0],"13":[0,2],"14":[2,0,0,0,0,0,0],"15":[0,3],"16":[3,0],"17":[1,1],"18":[0,1],"19":[1,2,0,2],"20":[1,0],"21":[1,1],"22":[0,0],"23":[0,0],"24":[0,0],"25":[0,0],"26":[0,0],"27":[0,0],"28":[0,0]},"f":{"1":2,"2":2,"3":2,"4":2,"5":2,"6":2,"7":3,"8":3,"9":3,"10":1,"11":6,"12":0},"fnMap":{"1":{"name":"(anonymous_1)","line":26,"loc":{"start":{"line":26,"column":1},"end":{"line":26,"column":13}}},"2":{"name":"(anonymous_2)","line":33,"loc":{"start":{"line":33,"column":5},"end":{"line":33,"column":17}}},"3":{"name":"(anonymous_3)","line":37,"loc":{"start":{"line":37,"column":24},"end":{"line":37,"column":36}}},"4":{"name":"(anonymous_4)","line":69,"loc":{"start":{"line":69,"column":31},"end":{"line":69,"column":48}},"skip":true},"5":{"name":"(anonymous_5)","line":78,"loc":{"start":{"line":78,"column":26},"end":{"line":78,"column":45}},"skip":true},"6":{"name":"(anonymous_6)","line":123,"loc":{"start":{"line":123,"column":33},"end":{"line":123,"column":48}},"skip":true},"7":{"name":"(anonymous_7)","line":125,"loc":{"start":{"line":125,"column":27},"end":{"line":125,"column":39}},"skip":true},"8":{"name":"(anonymous_8)","line":133,"loc":{"start":{"line":133,"column":59},"end":{"line":133,"column":74}},"skip":true},"9":{"name":"(anonymous_9)","line":143,"loc":{"start":{"line":143,"column":45},"end":{"line":143,"column":62}},"skip":true},"10":{"name":"(anonymous_10)","line":144,"loc":{"start":{"line":144,"column":73},"end":{"line":144,"column":92}},"skip":true},"11":{"name":"(anonymous_11)","line":272,"loc":{"start":{"line":272,"column":51},"end":{"line":272,"column":77}},"skip":true},"12":{"name":"(anonymous_12)","line":315,"loc":{"start":{"line":315,"column":32},"end":{"line":315,"column":61}},"skip":true}},"statementMap":{"1":{"start":{"line":26,"column":0},"end":{"line":326,"column":5}},"2":{"start":{"line":28,"column":4},"end":{"line":28,"column":14}},"3":{"start":{"line":33,"column":4},"end":{"line":60,"column":9}},"4":{"start":{"line":35,"column":8},"end":{"line":35,"column":19}},"5":{"start":{"line":37,"column":8},"end":{"line":49,"column":13}},"6":{"start":{"line":38,"column":12},"end":{"line":48,"column":13}},"7":{"start":{"line":39,"column":16},"end":{"line":42,"column":30}},"8":{"start":{"line":44,"column":16},"end":{"line":47,"column":27}},"9":{"start":{"line":51,"column":8},"end":{"line":53,"column":21}},"10":{"start":{"line":55,"column":8},"end":{"line":57,"column":45}},"11":{"start":{"line":59,"column":8},"end":{"line":59,"column":35}},"12":{"start":{"line":61,"column":4},"end":{"line":325,"column":5}},"13":{"start":{"line":69,"column":8},"end":{"line":121,"column":10},"skip":true},"14":{"start":{"line":70,"column":12},"end":{"line":88,"column":13},"skip":true},"15":{"start":{"line":76,"column":16},"end":{"line":87,"column":19},"skip":true},"16":{"start":{"line":79,"column":20},"end":{"line":86,"column":21},"skip":true},"17":{"start":{"line":82,"column":24},"end":{"line":82,"column":43},"skip":true},"18":{"start":{"line":83,"column":24},"end":{"line":83,"column":30},"skip":true},"19":{"start":{"line":85,"column":24},"end":{"line":85,"column":49},"skip":true},"20":{"start":{"line":89,"column":12},"end":{"line":107,"column":13},"skip":true},"21":{"start":{"line":92,"column":16},"end":{"line":102,"column":17},"skip":true},"22":{"start":{"line":93,"column":20},"end":{"line":93,"column":86},"skip":true},"23":{"start":{"line":94,"column":20},"end":{"line":95,"column":45},"skip":true},"24":{"start":{"line":96,"column":20},"end":{"line":96,"column":42},"skip":true},"25":{"start":{"line":97,"column":20},"end":{"line":97,"column":48},"skip":true},"26":{"start":{"line":100,"column":20},"end":{"line":100,"column":85},"skip":true},"27":{"start":{"line":101,"column":20},"end":{"line":101,"column":96},"skip":true},"28":{"start":{"line":103,"column":16},"end":{"line":103,"column":22},"skip":true},"29":{"start":{"line":106,"column":16},"end":{"line":106,"column":22},"skip":true},"30":{"start":{"line":108,"column":12},"end":{"line":120,"column":13},"skip":true},"31":{"start":{"line":114,"column":16},"end":{"line":119,"column":17},"skip":true},"32":{"start":{"line":116,"column":20},"end":{"line":116,"column":78},"skip":true},"33":{"start":{"line":118,"column":20},"end":{"line":118,"column":47},"skip":true},"34":{"start":{"line":123,"column":8},"end":{"line":141,"column":11},"skip":true},"35":{"start":{"line":124,"column":12},"end":{"line":124,"column":54},"skip":true},"36":{"start":{"line":125,"column":12},"end":{"line":140,"column":14},"skip":true},"37":{"start":{"line":126,"column":16},"end":{"line":126,"column":28},"skip":true},"38":{"start":{"line":127,"column":16},"end":{"line":127,"column":69},"skip":true},"39":{"start":{"line":128,"column":16},"end":{"line":128,"column":75},"skip":true},"40":{"start":{"line":129,"column":16},"end":{"line":131,"column":17},"skip":true},"41":{"start":{"line":130,"column":20},"end":{"line":130,"column":27},"skip":true},"42":{"start":{"line":133,"column":16},"end":{"line":137,"column":36},"skip":true},"43":{"start":{"line":134,"column":20},"end":{"line":136,"column":55},"skip":true},"44":{"start":{"line":139,"column":16},"end":{"line":139,"column":57},"skip":true},"45":{"start":{"line":143,"column":8},"end":{"line":147,"column":11},"skip":true},"46":{"start":{"line":144,"column":12},"end":{"line":146,"column":15},"skip":true},"47":{"start":{"line":145,"column":16},"end":{"line":145,"column":70},"skip":true},"48":{"start":{"line":149,"column":8},"end":{"line":149,"column":31},"skip":true},"49":{"start":{"line":150,"column":8},"end":{"line":150,"column":14},"skip":true},"50":{"start":{"line":158,"column":8},"end":{"line":158,"column":31},"skip":true},"51":{"start":{"line":160,"column":8},"end":{"line":160,"column":33},"skip":true},"52":{"start":{"line":161,"column":8},"end":{"line":161,"column":37},"skip":true},"53":{"start":{"line":162,"column":8},"end":{"line":162,"column":35},"skip":true},"54":{"start":{"line":164,"column":8},"end":{"line":164,"column":50},"skip":true},"55":{"start":{"line":166,"column":8},"end":{"line":256,"column":2},"skip":true},"56":{"start":{"line":258,"column":8},"end":{"line":286,"column":9},"skip":true},"57":{"start":{"line":259,"column":12},"end":{"line":269,"column":14},"skip":true},"58":{"start":{"line":271,"column":12},"end":{"line":285,"column":19},"skip":true},"59":{"start":{"line":274,"column":20},"end":{"line":274,"column":35},"skip":true},"60":{"start":{"line":275,"column":20},"end":{"line":284,"column":21},"skip":true},"61":{"start":{"line":277,"column":24},"end":{"line":277,"column":64},"skip":true},"62":{"start":{"line":279,"column":24},"end":{"line":279,"column":40},"skip":true},"63":{"start":{"line":281,"column":24},"end":{"line":281,"column":40},"skip":true},"64":{"start":{"line":283,"column":24},"end":{"line":283,"column":39},"skip":true},"65":{"start":{"line":288,"column":8},"end":{"line":290,"column":9},"skip":true},"66":{"start":{"line":289,"column":12},"end":{"line":289,"column":18},"skip":true},"67":{"start":{"line":291,"column":8},"end":{"line":293,"column":54},"skip":true},"68":{"start":{"line":296,"column":8},"end":{"line":301,"column":37},"skip":true},"69":{"start":{"line":303,"column":8},"end":{"line":303,"column":82},"skip":true},"70":{"start":{"line":306,"column":8},"end":{"line":308,"column":9},"skip":true},"71":{"start":{"line":307,"column":12},"end":{"line":307,"column":82},"skip":true},"72":{"start":{"line":310,"column":8},"end":{"line":312,"column":9},"skip":true},"73":{"start":{"line":311,"column":12},"end":{"line":311,"column":18},"skip":true},"74":{"start":{"line":313,"column":8},"end":{"line":313,"column":54},"skip":true},"75":{"start":{"line":314,"column":8},"end":{"line":314,"column":69},"skip":true},"76":{"start":{"line":315,"column":8},"end":{"line":323,"column":36},"skip":true},"77":{"start":{"line":316,"column":12},"end":{"line":316,"column":61},"skip":true},"78":{"start":{"line":317,"column":12},"end":{"line":320,"column":13},"skip":true},"79":{"start":{"line":318,"column":16},"end":{"line":318,"column":75},"skip":true},"80":{"start":{"line":319,"column":16},"end":{"line":319,"column":23},"skip":true},"81":{"start":{"line":321,"column":12},"end":{"line":321,"column":38},"skip":true},"82":{"start":{"line":322,"column":12},"end":{"line":322,"column":27},"skip":true},"83":{"start":{"line":324,"column":8},"end":{"line":324,"column":14},"skip":true}},"branchMap":{"1":{"line":39,"type":"binary-expr","locations":[{"start":{"line":39,"column":23},"end":{"line":39,"column":62}},{"start":{"line":40,"column":20},"end":{"line":40,"column":70}},{"start":{"line":41,"column":20},"end":{"line":41,"column":71}},{"start":{"line":42,"column":20},"end":{"line":42,"column":29}}]},"2":{"line":44,"type":"binary-expr","locations":[{"start":{"line":44,"column":23},"end":{"line":44,"column":37}},{"start":{"line":45,"column":20},"end":{"line":45,"column":61}},{"start":{"line":46,"column":20},"end":{"line":46,"column":70}},{"start":{"line":47,"column":20},"end":{"line":47,"column":26}}]},"3":{"line":51,"type":"cond-expr","locations":[{"start":{"line":52,"column":14},"end":{"line":52,"column":20}},{"start":{"line":53,"column":14},"end":{"line":53,"column":20}}]},"4":{"line":55,"type":"binary-expr","locations":[{"start":{"line":55,"column":16},"end":{"line":55,"column":44}},{"start":{"line":55,"column":49},"end":{"line":57,"column":43}}]},"5":{"line":55,"type":"cond-expr","locations":[{"start":{"line":56,"column":14},"end":{"line":56,"column":51}},{"start":{"line":57,"column":14},"end":{"line":57,"column":43}}]},"6":{"line":61,"type":"switch","locations":[{"start":{"line":68,"column":4},"end":{"line":150,"column":14},"skip":true},{"start":{"line":156,"column":4},"end":{"line":324,"column":14},"skip":true}]},"7":{"line":70,"type":"if","locations":[{"start":{"line":70,"column":12},"end":{"line":70,"column":12},"skip":true},{"start":{"line":70,"column":12},"end":{"line":70,"column":12},"skip":true}]},"8":{"line":70,"type":"binary-expr","locations":[{"start":{"line":70,"column":16},"end":{"line":70,"column":22},"skip":true},{"start":{"line":70,"column":27},"end":{"line":70,"column":32},"skip":true},{"start":{"line":71,"column":20},"end":{"line":71,"column":39},"skip":true},{"start":{"line":72,"column":20},"end":{"line":72,"column":49},"skip":true},{"start":{"line":73,"column":20},"end":{"line":73,"column":58},"skip":true},{"start":{"line":74,"column":20},"end":{"line":74,"column":69},"skip":true}]},"9":{"line":79,"type":"switch","locations":[{"start":{"line":80,"column":20},"end":{"line":80,"column":33},"skip":true},{"start":{"line":81,"column":20},"end":{"line":83,"column":30},"skip":true},{"start":{"line":84,"column":20},"end":{"line":85,"column":49},"skip":true}]},"10":{"line":89,"type":"switch","locations":[{"start":{"line":90,"column":12},"end":{"line":103,"column":22},"skip":true},{"start":{"line":105,"column":12},"end":{"line":106,"column":22},"skip":true}]},"11":{"line":89,"type":"binary-expr","locations":[{"start":{"line":89,"column":20},"end":{"line":89,"column":25},"skip":true},{"start":{"line":89,"column":29},"end":{"line":89,"column":48},"skip":true},{"start":{"line":89,"column":52},"end":{"line":89,"column":74},"skip":true}]},"12":{"line":92,"type":"if","locations":[{"start":{"line":92,"column":16},"end":{"line":92,"column":16},"skip":true},{"start":{"line":92,"column":16},"end":{"line":92,"column":16},"skip":true}]},"13":{"line":108,"type":"if","locations":[{"start":{"line":108,"column":12},"end":{"line":108,"column":12},"skip":true},{"start":{"line":108,"column":12},"end":{"line":108,"column":12},"skip":true}]},"14":{"line":108,"type":"binary-expr","locations":[{"start":{"line":108,"column":16},"end":{"line":108,"column":61},"skip":true},{"start":{"line":108,"column":66},"end":{"line":108,"column":72},"skip":true},{"start":{"line":108,"column":77},"end":{"line":108,"column":82},"skip":true},{"start":{"line":109,"column":20},"end":{"line":109,"column":39},"skip":true},{"start":{"line":110,"column":20},"end":{"line":110,"column":49},"skip":true},{"start":{"line":111,"column":20},"end":{"line":111,"column":58},"skip":true},{"start":{"line":112,"column":20},"end":{"line":112,"column":68},"skip":true}]},"15":{"line":129,"type":"if","locations":[{"start":{"line":129,"column":16},"end":{"line":129,"column":16},"skip":true},{"start":{"line":129,"column":16},"end":{"line":129,"column":16},"skip":true}]},"16":{"line":134,"type":"cond-expr","locations":[{"start":{"line":135,"column":26},"end":{"line":135,"column":29},"skip":true},{"start":{"line":136,"column":26},"end":{"line":136,"column":54},"skip":true}]},"17":{"line":164,"type":"binary-expr","locations":[{"start":{"line":164,"column":27},"end":{"line":164,"column":43},"skip":true},{"start":{"line":164,"column":47},"end":{"line":164,"column":49},"skip":true}]},"18":{"line":258,"type":"if","locations":[{"start":{"line":258,"column":8},"end":{"line":258,"column":8},"skip":true},{"start":{"line":258,"column":8},"end":{"line":258,"column":8},"skip":true}]},"19":{"line":275,"type":"switch","locations":[{"start":{"line":276,"column":20},"end":{"line":277,"column":64},"skip":true},{"start":{"line":278,"column":20},"end":{"line":279,"column":40},"skip":true},{"start":{"line":280,"column":20},"end":{"line":281,"column":40},"skip":true},{"start":{"line":282,"column":20},"end":{"line":283,"column":39},"skip":true}]},"20":{"line":288,"type":"if","locations":[{"start":{"line":288,"column":8},"end":{"line":288,"column":8},"skip":true},{"start":{"line":288,"column":8},"end":{"line":288,"column":8},"skip":true}]},"21":{"line":288,"type":"binary-expr","locations":[{"start":{"line":288,"column":12},"end":{"line":288,"column":40},"skip":true},{"start":{"line":288,"column":44},"end":{"line":288,"column":67},"skip":true}]},"22":{"line":292,"type":"binary-expr","locations":[{"start":{"line":292,"column":12},"end":{"line":292,"column":50},"skip":true},{"start":{"line":293,"column":12},"end":{"line":293,"column":53},"skip":true}]},"23":{"line":297,"type":"binary-expr","locations":[{"start":{"line":297,"column":12},"end":{"line":297,"column":65},"skip":true},{"start":{"line":298,"column":12},"end":{"line":301,"column":36},"skip":true}]},"24":{"line":303,"type":"binary-expr","locations":[{"start":{"line":303,"column":43},"end":{"line":303,"column":75},"skip":true},{"start":{"line":303,"column":79},"end":{"line":303,"column":81},"skip":true}]},"25":{"line":306,"type":"if","locations":[{"start":{"line":306,"column":8},"end":{"line":306,"column":8},"skip":true},{"start":{"line":306,"column":8},"end":{"line":306,"column":8},"skip":true}]},"26":{"line":310,"type":"if","locations":[{"start":{"line":310,"column":8},"end":{"line":310,"column":8},"skip":true},{"start":{"line":310,"column":8},"end":{"line":310,"column":8},"skip":true}]},"27":{"line":313,"type":"binary-expr","locations":[{"start":{"line":313,"column":27},"end":{"line":313,"column":43},"skip":true},{"start":{"line":313,"column":47},"end":{"line":313,"column":53},"skip":true}]},"28":{"line":317,"type":"if","locations":[{"start":{"line":317,"column":12},"end":{"line":317,"column":12},"skip":true},{"start":{"line":317,"column":12},"end":{"line":317,"column":12},"skip":true}]}},"code":["/*","example.js","","quickstart example","","instruction","    1. save this script as example.js","    2. run the shell command:","        $ npm install npmtest-prismjs && PORT=8081 node example.js","    3. play with the browser-demo on http://127.0.0.1:8081","*/","","","","/* istanbul instrument in package npmtest_prismjs */","/*jslint","    bitwise: true,","    browser: true,","    maxerr: 8,","    maxlen: 96,","    node: true,","    nomen: true,","    regexp: true,","    stupid: true","*/","(function () {","    'use strict';","    var local;","","","","    // run shared js-env code - pre-init","    (function () {","        // init local","        local = {};","        // init modeJs","        local.modeJs = (function () {","            try {","                return typeof navigator.userAgent === 'string' &&","                    typeof document.querySelector('body') === 'object' &&","                    typeof XMLHttpRequest.prototype.open === 'function' &&","                    'browser';","            } catch (errorCaughtBrowser) {","                return module.exports &&","                    typeof process.versions.node === 'string' &&","                    typeof require('http').createServer === 'function' &&","                    'node';","            }","        }());","        // init global","        local.global = local.modeJs === 'browser'","            ? window","            : global;","        // init utility2_rollup","        local = local.global.utility2_rollup || (local.modeJs === 'browser'","            ? local.global.utility2_npmtest_prismjs","            : global.utility2_moduleExports);","        // export local","        local.global.local = local;","    }());","    switch (local.modeJs) {","","","","    // post-init","    // run browser js-env code - post-init","    /* istanbul ignore next */","    case 'browser':","        local.testRunBrowser = function (event) {","            if (!event || (event &&","                    event.currentTarget &&","                    event.currentTarget.className &&","                    event.currentTarget.className.includes &&","                    event.currentTarget.className.includes('onreset'))) {","                // reset output","                Array.from(","                    document.querySelectorAll('body > .resettable')","                ).forEach(function (element) {","                    switch (element.tagName) {","                    case 'INPUT':","                    case 'TEXTAREA':","                        element.value = '';","                        break;","                    default:","                        element.textContent = '';","                    }","                });","            }","            switch (event && event.currentTarget && event.currentTarget.id) {","            case 'testRunButton1':","                // show tests","                if (document.querySelector('#testReportDiv1').style.display === 'none') {","                    document.querySelector('#testReportDiv1').style.display = 'block';","                    document.querySelector('#testRunButton1').textContent =","                        'hide internal test';","                    local.modeTest = true;","                    local.testRunDefault(local);","                // hide tests","                } else {","                    document.querySelector('#testReportDiv1').style.display = 'none';","                    document.querySelector('#testRunButton1').textContent = 'run internal test';","                }","                break;","            // custom-case","            default:","                break;","            }","            if (document.querySelector('#inputTextareaEval1') && (!event || (event &&","                    event.currentTarget &&","                    event.currentTarget.className &&","                    event.currentTarget.className.includes &&","                    event.currentTarget.className.includes('oneval')))) {","                // try to eval input-code","                try {","                    /*jslint evil: true*/","                    eval(document.querySelector('#inputTextareaEval1').value);","                } catch (errorCaught) {","                    console.error(errorCaught);","                }","            }","        };","        // log stderr and stdout to #outputTextareaStdout1","        ['error', 'log'].forEach(function (key) {","            console[key + '_original'] = console[key];","            console[key] = function () {","                var element;","                console[key + '_original'].apply(console, arguments);","                element = document.querySelector('#outputTextareaStdout1');","                if (!element) {","                    return;","                }","                // append text to #outputTextareaStdout1","                element.value += Array.from(arguments).map(function (arg) {","                    return typeof arg === 'string'","                        ? arg","                        : JSON.stringify(arg, null, 4);","                }).join(' ') + '\\n';","                // scroll textarea to bottom","                element.scrollTop = element.scrollHeight;","            };","        });","        // init event-handling","        ['change', 'click', 'keyup'].forEach(function (event) {","            Array.from(document.querySelectorAll('.on' + event)).forEach(function (element) {","                element.addEventListener(event, local.testRunBrowser);","            });","        });","        // run tests","        local.testRunBrowser();","        break;","","","","    // run node js-env code - post-init","    /* istanbul ignore next */","    case 'node':","        // export local","        module.exports = local;","        // require modules","        local.fs = require('fs');","        local.http = require('http');","        local.url = require('url');","        // init assets","        local.assetsDict = local.assetsDict || {};","        /* jslint-ignore-begin */","        local.assetsDict['/assets.index.template.html'] = '\\","<!doctype html>\\n\\","<html lang=\"en\">\\n\\","<head>\\n\\","<meta charset=\"UTF-8\">\\n\\","<meta name=\"viewport\" content=\"width=device-width, initial-scale=1\">\\n\\","<title>{{env.npm_package_name}} (v{{env.npm_package_version}})</title>\\n\\","<style>\\n\\","/*csslint\\n\\","    box-sizing: false,\\n\\","    universal-selector: false\\n\\","*/\\n\\","* {\\n\\","    box-sizing: border-box;\\n\\","}\\n\\","body {\\n\\","    background: #dde;\\n\\","    font-family: Arial, Helvetica, sans-serif;\\n\\","    margin: 2rem;\\n\\","}\\n\\","body > * {\\n\\","    margin-bottom: 1rem;\\n\\","}\\n\\",".utility2FooterDiv {\\n\\","    margin-top: 20px;\\n\\","    text-align: center;\\n\\","}\\n\\","</style>\\n\\","<style>\\n\\","/*csslint\\n\\","*/\\n\\","textarea {\\n\\","    font-family: monospace;\\n\\","    height: 10rem;\\n\\","    width: 100%;\\n\\","}\\n\\","textarea[readonly] {\\n\\","    background: #ddd;\\n\\","}\\n\\","</style>\\n\\","</head>\\n\\","<body>\\n\\","<!-- utility2-comment\\n\\","<div id=\"ajaxProgressDiv1\" style=\"background: #d00; height: 2px; left: 0; margin: 0; padding: 0; position: fixed; top: 0; transition: background 0.5s, width 1.5s; width: 25%;\"></div>\\n\\","utility2-comment -->\\n\\","<h1>\\n\\","<!-- utility2-comment\\n\\","    <a\\n\\","        {{#if env.npm_package_homepage}}\\n\\","        href=\"{{env.npm_package_homepage}}\"\\n\\","        {{/if env.npm_package_homepage}}\\n\\","        target=\"_blank\"\\n\\","    >\\n\\","utility2-comment -->\\n\\","        {{env.npm_package_name}} (v{{env.npm_package_version}})\\n\\","<!-- utility2-comment\\n\\","    </a>\\n\\","utility2-comment -->\\n\\","</h1>\\n\\","<h3>{{env.npm_package_description}}</h3>\\n\\","<!-- utility2-comment\\n\\","<h4><a download href=\"assets.app.js\">download standalone app</a></h4>\\n\\","<button class=\"onclick onreset\" id=\"testRunButton1\">run internal test</button><br>\\n\\","<div id=\"testReportDiv1\" style=\"display: none;\"></div>\\n\\","utility2-comment -->\\n\\","\\n\\","\\n\\","\\n\\","<label>stderr and stdout</label>\\n\\","<textarea class=\"resettable\" id=\"outputTextareaStdout1\" readonly></textarea>\\n\\","<!-- utility2-comment\\n\\","{{#if isRollup}}\\n\\","<script src=\"assets.app.js\"></script>\\n\\","{{#unless isRollup}}\\n\\","utility2-comment -->\\n\\","<script src=\"assets.utility2.rollup.js\"></script>\\n\\","<script src=\"jsonp.utility2._stateInit?callback=window.utility2._stateInit\"></script>\\n\\","<script src=\"assets.npmtest_prismjs.rollup.js\"></script>\\n\\","<script src=\"assets.example.js\"></script>\\n\\","<script src=\"assets.test.js\"></script>\\n\\","<!-- utility2-comment\\n\\","{{/if isRollup}}\\n\\","utility2-comment -->\\n\\","<div class=\"utility2FooterDiv\">\\n\\","    [ this app was created with\\n\\","    <a href=\"https://github.com/kaizhu256/node-utility2\" target=\"_blank\">utility2</a>\\n\\","    ]\\n\\","</div>\\n\\","</body>\\n\\","</html>\\n\\","';","        /* jslint-ignore-end */","        if (local.templateRender) {","            local.assetsDict['/'] = local.templateRender(","                local.assetsDict['/assets.index.template.html'],","                {","                    env: local.objectSetDefault(local.env, {","                        npm_package_description: 'the greatest app in the world!',","                        npm_package_name: 'my-app',","                        npm_package_nameAlias: 'my_app',","                        npm_package_version: '0.0.1'","                    })","                }","            );","        } else {","            local.assetsDict['/'] = local.assetsDict['/assets.index.template.html']","                .replace((/\\{\\{env\\.(\\w+?)\\}\\}/g), function (match0, match1) {","                    // jslint-hack","                    String(match0);","                    switch (match1) {","                    case 'npm_package_description':","                        return 'the greatest app in the world!';","                    case 'npm_package_name':","                        return 'my-app';","                    case 'npm_package_nameAlias':","                        return 'my_app';","                    case 'npm_package_version':","                        return '0.0.1';","                    }","                });","        }","        // run the cli","        if (local.global.utility2_rollup || module !== require.main) {","            break;","        }","        local.assetsDict['/assets.example.js'] =","            local.assetsDict['/assets.example.js'] ||","            local.fs.readFileSync(__filename, 'utf8');","        // bug-workaround - long $npm_package_buildCustomOrg","        /* jslint-ignore-begin */","        local.assetsDict['/assets.npmtest_prismjs.rollup.js'] =","            local.assetsDict['/assets.npmtest_prismjs.rollup.js'] ||","            local.fs.readFileSync(","                local.npmtest_prismjs.__dirname + '/lib.npmtest_prismjs.js',","                'utf8'","            ).replace((/^#!/), '//');","        /* jslint-ignore-end */","        local.assetsDict['/favicon.ico'] = local.assetsDict['/favicon.ico'] || '';","        // if $npm_config_timeout_exit exists,","        // then exit this process after $npm_config_timeout_exit ms","        if (Number(process.env.npm_config_timeout_exit)) {","            setTimeout(process.exit, Number(process.env.npm_config_timeout_exit));","        }","        // start server","        if (local.global.utility2_serverHttp1) {","            break;","        }","        process.env.PORT = process.env.PORT || '8081';","        console.error('server starting on port ' + process.env.PORT);","        local.http.createServer(function (request, response) {","            request.urlParsed = local.url.parse(request.url);","            if (local.assetsDict[request.urlParsed.pathname] !== undefined) {","                response.end(local.assetsDict[request.urlParsed.pathname]);","                return;","            }","            response.statusCode = 404;","            response.end();","        }).listen(process.env.PORT);","        break;","    }","}());",""],"l":{"26":2,"28":2,"33":2,"35":2,"37":2,"38":2,"39":2,"44":1,"51":2,"55":2,"59":2,"61":2,"69":1,"70":2,"76":2,"79":2,"82":2,"83":2,"85":1,"89":2,"92":1,"93":1,"94":1,"96":1,"97":1,"100":1,"101":1,"103":1,"106":1,"108":2,"114":1,"116":1,"118":1,"123":1,"124":2,"125":2,"126":3,"127":3,"128":3,"129":3,"130":1,"133":3,"134":3,"139":3,"143":1,"144":3,"145":1,"149":1,"150":1,"158":1,"160":1,"161":1,"162":1,"164":1,"166":1,"258":1,"259":1,"271":1,"274":6,"275":6,"277":1,"279":2,"281":1,"283":2,"288":1,"289":1,"291":1,"296":1,"303":1,"306":1,"307":1,"310":1,"311":1,"313":1,"314":1,"315":1,"316":1,"317":1,"318":1,"319":1,"321":1,"322":1,"324":1}},"/home/travis/build/npmtest/node-npmtest-prismjs/node_modules/prismjs/prism.js":{"path":"/home/travis/build/npmtest/node-npmtest-prismjs/node_modules/prismjs/prism.js","s":{"1":1,"2":1,"3":1,"4":1,"5":1,"6":0,"7":0,"8":0,"9":0,"10":0,"11":12265,"12":4790,"13":345,"14":4790,"15":364,"16":364,"17":111,"18":111,"19":341,"20":341,"21":111,"22":8,"23":16,"24":245,"25":6,"26":6,"27":15,"28":6,"29":13,"30":13,"31":13,"32":0,"33":0,"34":0,"35":0,"36":0,"37":13,"38":13,"39":120,"40":120,"41":13,"42":16,"43":16,"44":120,"45":13,"46":6958,"47":8,"48":13,"49":2155,"50":2155,"51":6958,"52":6958,"53":6958,"54":2015,"55":2015,"56":4943,"57":127,"58":127,"59":0,"60":0,"61":0,"62":0,"63":0,"64":0,"65":0,"66":0,"67":0,"68":0,"69":0,"70":0,"71":0,"72":0,"73":0,"74":0,"75":0,"76":0,"77":0,"78":0,"79":0,"80":0,"81":0,"82":0,"83":0,"84":0,"85":0,"86":0,"87":0,"88":0,"89":0,"90":0,"91":0,"92":0,"93":0,"94":0,"95":0,"96":0,"97":0,"98":0,"99":0,"100":0,"101":0,"102":0,"103":0,"104":0,"105":0,"106":0,"107":0,"108":0,"109":0,"110":0,"111":0,"112":0,"113":0,"114":0,"115":0,"116":0,"117":0,"118":0,"119":0,"120":0,"121":0,"122":0,"123":0,"124":0,"125":0,"126":0,"127":0,"128":0,"129":0,"130":0,"131":0,"132":0,"133":0,"134":0,"135":0,"136":0,"137":0,"138":0,"139":0,"140":0,"141":0,"142":0,"143":0,"144":0,"145":0,"146":0,"147":0,"148":0,"149":0,"150":0,"151":0,"152":0,"153":0,"154":0,"155":0,"156":0,"157":0,"158":2,"159":2,"160":2,"161":0,"162":0,"163":0,"164":0,"165":0,"166":1,"167":0,"168":0,"169":0,"170":0,"171":0,"172":1,"173":0,"174":0,"175":0,"176":0,"177":0,"178":0,"179":0,"180":0,"181":0,"182":0,"183":0,"184":0,"185":0,"186":0,"187":0,"188":1,"189":1,"190":1,"191":0,"192":0,"193":0,"194":0,"195":0,"196":0,"197":0,"198":0,"199":0,"200":0,"201":0,"202":0,"203":0,"204":0,"205":0,"206":0,"207":1,"208":1,"209":1,"210":1,"211":1,"212":1,"213":0,"214":0,"215":1,"216":1,"217":1,"218":1,"219":1,"220":1,"221":1,"222":1,"223":1,"224":1,"225":1,"226":1,"227":1,"228":1,"229":1,"230":1,"231":1,"232":1,"233":1,"234":0,"235":0,"236":0,"237":0,"238":0,"239":0,"240":0,"241":0,"242":0,"243":0,"244":0,"245":0,"246":0,"247":0,"248":0,"249":0,"250":0,"251":0,"252":0,"253":0,"254":0,"255":0,"256":0,"257":0,"258":0,"259":0,"260":0,"261":0,"262":0,"263":0,"264":0},"b":{"1":[0,1],"2":[0,1],"3":[1,0],"4":[0,0],"5":[0,0],"6":[345,4445],"7":[111,8],"8":[341,0],"9":[8,8],"10":[13,11],"11":[0,13],"12":[0,0],"13":[120,0],"14":[13,107],"15":[16,0],"16":[8,6950],"17":[6958,21],"18":[2155,13],"19":[6958,0],"20":[6958,6681],"21":[2015,4943],"22":[6958,2494],"23":[127,4816],"24":[4943,154],"25":[0,0],"26":[0,0],"27":[0,0],"28":[0,0],"29":[0,0],"30":[0,0],"31":[0,0],"32":[0,0],"33":[0,0],"34":[0,0],"35":[0,0],"36":[0,0],"37":[0,0],"38":[0,0],"39":[0,0],"40":[0,0],"41":[0,0],"42":[0,0],"43":[0,0],"44":[0,0],"45":[0,0],"46":[0,0],"47":[0,0,0],"48":[0,0],"49":[0,0],"50":[0,0],"51":[0,0],"52":[0,0],"53":[0,0],"54":[0,0],"55":[0,0],"56":[0,0],"57":[0,0],"58":[0,0],"59":[2,1],"60":[0,0],"61":[0,0],"62":[0,0],"63":[0,0],"64":[0,0],"65":[0,0],"66":[0,0],"67":[0,0],"68":[0,0],"69":[0,0],"70":[1,0],"71":[1,0],"72":[0,0],"73":[0,0],"74":[0,0],"75":[0,0],"76":[0,0],"77":[0,0],"78":[0,0],"79":[1,0],"80":[1,1],"81":[1,0],"82":[0,0],"83":[1,0],"84":[1,0],"85":[1,0],"86":[1,0,0,0],"87":[0,0],"88":[0,0],"89":[0,0],"90":[0,0],"91":[0,0],"92":[0,0],"93":[0,0],"94":[0,0],"95":[0,0],"96":[0,0],"97":[0,0]},"f":{"1":1,"2":0,"3":12265,"4":4790,"5":364,"6":16,"7":6,"8":13,"9":6958,"10":2155,"11":0,"12":0,"13":0,"14":0,"15":0,"16":2,"17":0,"18":0,"19":0,"20":0,"21":0,"22":0,"23":0,"24":1,"25":0,"26":0,"27":0},"fnMap":{"1":{"name":"(anonymous_1)","line":20,"loc":{"start":{"line":20,"column":13},"end":{"line":20,"column":23}}},"2":{"name":"(anonymous_2)","line":28,"loc":{"start":{"line":28,"column":10},"end":{"line":28,"column":28}}},"3":{"name":"(anonymous_3)","line":38,"loc":{"start":{"line":38,"column":8},"end":{"line":38,"column":21}}},"4":{"name":"(anonymous_4)","line":42,"loc":{"start":{"line":42,"column":9},"end":{"line":42,"column":24}}},"5":{"name":"(anonymous_5)","line":50,"loc":{"start":{"line":50,"column":9},"end":{"line":50,"column":22}}},"6":{"name":"(anonymous_6)","line":67,"loc":{"start":{"line":67,"column":27},"end":{"line":67,"column":39}}},"7":{"name":"(anonymous_7)","line":75,"loc":{"start":{"line":75,"column":10},"end":{"line":75,"column":31}}},"8":{"name":"(anonymous_8)","line":94,"loc":{"start":{"line":94,"column":16},"end":{"line":94,"column":56}}},"9":{"name":"(anonymous_9)","line":131,"loc":{"start":{"line":131,"column":32},"end":{"line":131,"column":53}}},"10":{"name":"(anonymous_10)","line":141,"loc":{"start":{"line":141,"column":7},"end":{"line":141,"column":44}}},"11":{"name":"(anonymous_11)","line":161,"loc":{"start":{"line":161,"column":15},"end":{"line":161,"column":41}}},"12":{"name":"(anonymous_12)","line":176,"loc":{"start":{"line":176,"column":19},"end":{"line":176,"column":54}}},"13":{"name":"(anonymous_13)","line":223,"loc":{"start":{"line":223,"column":22},"end":{"line":223,"column":36}}},"14":{"name":"(anonymous_14)","line":255,"loc":{"start":{"line":255,"column":12},"end":{"line":255,"column":47}}},"15":{"name":"(anonymous_15)","line":260,"loc":{"start":{"line":260,"column":11},"end":{"line":260,"column":45}}},"16":{"name":"(anonymous_16)","line":393,"loc":{"start":{"line":393,"column":7},"end":{"line":393,"column":33}}},"17":{"name":"(anonymous_17)","line":401,"loc":{"start":{"line":401,"column":7},"end":{"line":401,"column":28}}},"18":{"name":"(anonymous_18)","line":415,"loc":{"start":{"line":415,"column":22},"end":{"line":415,"column":73}}},"19":{"name":"(anonymous_19)","line":424,"loc":{"start":{"line":424,"column":18},"end":{"line":424,"column":48}}},"20":{"name":"(anonymous_20)","line":430,"loc":{"start":{"line":430,"column":15},"end":{"line":430,"column":33}}},"21":{"name":"(anonymous_21)","line":456,"loc":{"start":{"line":456,"column":50},"end":{"line":456,"column":65}}},"22":{"name":"(anonymous_22)","line":470,"loc":{"start":{"line":470,"column":35},"end":{"line":470,"column":49}}},"23":{"name":"(anonymous_23)","line":558,"loc":{"start":{"line":558,"column":24},"end":{"line":558,"column":38}}},"24":{"name":"(anonymous_24)","line":719,"loc":{"start":{"line":719,"column":1},"end":{"line":719,"column":13}}},"25":{"name":"(anonymous_25)","line":724,"loc":{"start":{"line":724,"column":28},"end":{"line":724,"column":39}}},"26":{"name":"(anonymous_26)","line":739,"loc":{"start":{"line":739,"column":82},"end":{"line":739,"column":97}}},"27":{"name":"(anonymous_27)","line":770,"loc":{"start":{"line":770,"column":29},"end":{"line":770,"column":41}}}},"statementMap":{"1":{"start":{"line":6,"column":0},"end":{"line":12,"column":3}},"2":{"start":{"line":20,"column":0},"end":{"line":507,"column":5}},"3":{"start":{"line":23,"column":0},"end":{"line":23,"column":38}},"4":{"start":{"line":24,"column":0},"end":{"line":24,"column":17}},"5":{"start":{"line":26,"column":0},"end":{"line":413,"column":2}},"6":{"start":{"line":29,"column":3},"end":{"line":35,"column":4}},"7":{"start":{"line":30,"column":4},"end":{"line":30,"column":79}},"8":{"start":{"line":31,"column":10},"end":{"line":35,"column":4}},"9":{"start":{"line":32,"column":4},"end":{"line":32,"column":37}},"10":{"start":{"line":34,"column":4},"end":{"line":34,"column":87}},"11":{"start":{"line":39,"column":3},"end":{"line":39,"column":73}},"12":{"start":{"line":43,"column":3},"end":{"line":45,"column":4}},"13":{"start":{"line":44,"column":4},"end":{"line":44,"column":62}},"14":{"start":{"line":46,"column":3},"end":{"line":46,"column":22}},"15":{"start":{"line":51,"column":3},"end":{"line":51,"column":29}},"16":{"start":{"line":53,"column":3},"end":{"line":68,"column":4}},"17":{"start":{"line":55,"column":5},"end":{"line":55,"column":20}},"18":{"start":{"line":57,"column":5},"end":{"line":61,"column":6}},"19":{"start":{"line":58,"column":6},"end":{"line":60,"column":7}},"20":{"start":{"line":59,"column":7},"end":{"line":59,"column":41}},"21":{"start":{"line":63,"column":5},"end":{"line":63,"column":18}},"22":{"start":{"line":67,"column":5},"end":{"line":67,"column":68}},"23":{"start":{"line":67,"column":41},"end":{"line":67,"column":64}},"24":{"start":{"line":70,"column":3},"end":{"line":70,"column":12}},"25":{"start":{"line":76,"column":3},"end":{"line":76,"column":44}},"26":{"start":{"line":78,"column":3},"end":{"line":80,"column":4}},"27":{"start":{"line":79,"column":4},"end":{"line":79,"column":27}},"28":{"start":{"line":82,"column":3},"end":{"line":82,"column":15}},"29":{"start":{"line":95,"column":3},"end":{"line":95,"column":30}},"30":{"start":{"line":96,"column":3},"end":{"line":96,"column":30}},"31":{"start":{"line":98,"column":3},"end":{"line":108,"column":4}},"32":{"start":{"line":99,"column":4},"end":{"line":99,"column":26}},"33":{"start":{"line":101,"column":4},"end":{"line":105,"column":5}},"34":{"start":{"line":102,"column":5},"end":{"line":104,"column":6}},"35":{"start":{"line":103,"column":6},"end":{"line":103,"column":43}},"36":{"start":{"line":107,"column":4},"end":{"line":107,"column":19}},"37":{"start":{"line":110,"column":3},"end":{"line":110,"column":16}},"38":{"start":{"line":112,"column":3},"end":{"line":128,"column":4}},"39":{"start":{"line":114,"column":4},"end":{"line":127,"column":5}},"40":{"start":{"line":116,"column":5},"end":{"line":124,"column":6}},"41":{"start":{"line":118,"column":6},"end":{"line":123,"column":7}},"42":{"start":{"line":120,"column":7},"end":{"line":122,"column":8}},"43":{"start":{"line":121,"column":8},"end":{"line":121,"column":41}},"44":{"start":{"line":126,"column":5},"end":{"line":126,"column":33}},"45":{"start":{"line":131,"column":3},"end":{"line":135,"column":6}},"46":{"start":{"line":132,"column":4},"end":{"line":134,"column":5}},"47":{"start":{"line":133,"column":5},"end":{"line":133,"column":21}},"48":{"start":{"line":137,"column":3},"end":{"line":137,"column":29}},"49":{"start":{"line":142,"column":3},"end":{"line":142,"column":27}},"50":{"start":{"line":143,"column":3},"end":{"line":156,"column":4}},"51":{"start":{"line":144,"column":4},"end":{"line":155,"column":5}},"52":{"start":{"line":145,"column":5},"end":{"line":145,"column":42}},"53":{"start":{"line":147,"column":5},"end":{"line":154,"column":6}},"54":{"start":{"line":148,"column":6},"end":{"line":148,"column":41}},"55":{"start":{"line":149,"column":6},"end":{"line":149,"column":53}},"56":{"start":{"line":151,"column":10},"end":{"line":154,"column":6}},"57":{"start":{"line":152,"column":6},"end":{"line":152,"column":41}},"58":{"start":{"line":153,"column":6},"end":{"line":153,"column":50}},"59":{"start":{"line":162,"column":2},"end":{"line":165,"column":4}},"60":{"start":{"line":167,"column":2},"end":{"line":167,"column":42}},"61":{"start":{"line":169,"column":2},"end":{"line":169,"column":73}},"62":{"start":{"line":171,"column":2},"end":{"line":173,"column":3}},"63":{"start":{"line":172,"column":3},"end":{"line":172,"column":61}},"64":{"start":{"line":178,"column":2},"end":{"line":178,"column":42}},"65":{"start":{"line":180,"column":2},"end":{"line":182,"column":3}},"66":{"start":{"line":181,"column":3},"end":{"line":181,"column":30}},"67":{"start":{"line":184,"column":2},"end":{"line":187,"column":3}},"68":{"start":{"line":185,"column":3},"end":{"line":185,"column":71}},"69":{"start":{"line":186,"column":3},"end":{"line":186,"column":35}},"70":{"start":{"line":190,"column":2},"end":{"line":190,"column":105}},"71":{"start":{"line":193,"column":2},"end":{"line":193,"column":30}},"72":{"start":{"line":195,"column":2},"end":{"line":197,"column":3}},"73":{"start":{"line":196,"column":3},"end":{"line":196,"column":104}},"74":{"start":{"line":199,"column":2},"end":{"line":199,"column":33}},"75":{"start":{"line":201,"column":2},"end":{"line":206,"column":4}},"76":{"start":{"line":208,"column":2},"end":{"line":208,"column":42}},"77":{"start":{"line":210,"column":2},"end":{"line":216,"column":3}},"78":{"start":{"line":211,"column":3},"end":{"line":213,"column":4}},"79":{"start":{"line":212,"column":4},"end":{"line":212,"column":39}},"80":{"start":{"line":214,"column":3},"end":{"line":214,"column":32}},"81":{"start":{"line":215,"column":3},"end":{"line":215,"column":10}},"82":{"start":{"line":218,"column":2},"end":{"line":218,"column":39}},"83":{"start":{"line":220,"column":2},"end":{"line":252,"column":3}},"84":{"start":{"line":221,"column":3},"end":{"line":221,"column":39}},"85":{"start":{"line":223,"column":3},"end":{"line":233,"column":5}},"86":{"start":{"line":224,"column":4},"end":{"line":224,"column":35}},"87":{"start":{"line":226,"column":4},"end":{"line":226,"column":38}},"88":{"start":{"line":228,"column":4},"end":{"line":228,"column":48}},"89":{"start":{"line":230,"column":4},"end":{"line":230,"column":43}},"90":{"start":{"line":231,"column":4},"end":{"line":231,"column":40}},"91":{"start":{"line":232,"column":4},"end":{"line":232,"column":33}},"92":{"start":{"line":235,"column":3},"end":{"line":239,"column":7}},"93":{"start":{"line":242,"column":3},"end":{"line":242,"column":74}},"94":{"start":{"line":244,"column":3},"end":{"line":244,"column":37}},"95":{"start":{"line":246,"column":3},"end":{"line":246,"column":47}},"96":{"start":{"line":248,"column":3},"end":{"line":248,"column":38}},"97":{"start":{"line":250,"column":3},"end":{"line":250,"column":39}},"98":{"start":{"line":251,"column":3},"end":{"line":251,"column":32}},"99":{"start":{"line":256,"column":2},"end":{"line":256,"column":41}},"100":{"start":{"line":257,"column":2},"end":{"line":257,"column":58}},"101":{"start":{"line":261,"column":2},"end":{"line":261,"column":22}},"102":{"start":{"line":263,"column":2},"end":{"line":263,"column":22}},"103":{"start":{"line":265,"column":2},"end":{"line":265,"column":26}},"104":{"start":{"line":267,"column":2},"end":{"line":273,"column":3}},"105":{"start":{"line":268,"column":3},"end":{"line":270,"column":4}},"106":{"start":{"line":269,"column":4},"end":{"line":269,"column":33}},"107":{"start":{"line":272,"column":3},"end":{"line":272,"column":23}},"108":{"start":{"line":275,"column":2},"end":{"line":385,"column":3}},"109":{"start":{"line":275,"column":13},"end":{"line":385,"column":3}},"110":{"start":{"line":276,"column":3},"end":{"line":278,"column":4}},"111":{"start":{"line":277,"column":4},"end":{"line":277,"column":13}},"112":{"start":{"line":280,"column":3},"end":{"line":280,"column":33}},"113":{"start":{"line":281,"column":3},"end":{"line":281,"column":74}},"114":{"start":{"line":283,"column":3},"end":{"line":384,"column":4}},"115":{"start":{"line":284,"column":4},"end":{"line":289,"column":27}},"116":{"start":{"line":291,"column":4},"end":{"line":295,"column":5}},"117":{"start":{"line":293,"column":5},"end":{"line":293,"column":65}},"118":{"start":{"line":294,"column":5},"end":{"line":294,"column":67}},"119":{"start":{"line":297,"column":4},"end":{"line":297,"column":41}},"120":{"start":{"line":300,"column":4},"end":{"line":383,"column":5}},"121":{"start":{"line":302,"column":5},"end":{"line":302,"column":25}},"122":{"start":{"line":304,"column":5},"end":{"line":307,"column":6}},"123":{"start":{"line":306,"column":6},"end":{"line":306,"column":22}},"124":{"start":{"line":309,"column":5},"end":{"line":311,"column":6}},"125":{"start":{"line":310,"column":6},"end":{"line":310,"column":15}},"126":{"start":{"line":313,"column":5},"end":{"line":313,"column":27}},"127":{"start":{"line":315,"column":5},"end":{"line":316,"column":20}},"128":{"start":{"line":319,"column":5},"end":{"line":352,"column":6}},"129":{"start":{"line":320,"column":6},"end":{"line":320,"column":30}},"130":{"start":{"line":321,"column":6},"end":{"line":321,"column":33}},"131":{"start":{"line":322,"column":6},"end":{"line":324,"column":7}},"132":{"start":{"line":323,"column":7},"end":{"line":323,"column":13}},"133":{"start":{"line":326,"column":6},"end":{"line":329,"column":18}},"134":{"start":{"line":331,"column":6},"end":{"line":338,"column":7}},"135":{"start":{"line":332,"column":7},"end":{"line":332,"column":29}},"136":{"start":{"line":334,"column":7},"end":{"line":337,"column":8}},"137":{"start":{"line":335,"column":8},"end":{"line":335,"column":12}},"138":{"start":{"line":336,"column":8},"end":{"line":336,"column":16}},"139":{"start":{"line":344,"column":6},"end":{"line":346,"column":7}},"140":{"start":{"line":345,"column":7},"end":{"line":345,"column":16}},"141":{"start":{"line":349,"column":6},"end":{"line":349,"column":21}},"142":{"start":{"line":350,"column":6},"end":{"line":350,"column":31}},"143":{"start":{"line":351,"column":6},"end":{"line":351,"column":25}},"144":{"start":{"line":354,"column":5},"end":{"line":356,"column":6}},"145":{"start":{"line":355,"column":6},"end":{"line":355,"column":15}},"146":{"start":{"line":358,"column":5},"end":{"line":360,"column":6}},"147":{"start":{"line":359,"column":6},"end":{"line":359,"column":41}},"148":{"start":{"line":362,"column":5},"end":{"line":366,"column":31}},"149":{"start":{"line":368,"column":5},"end":{"line":368,"column":28}},"150":{"start":{"line":370,"column":5},"end":{"line":372,"column":6}},"151":{"start":{"line":371,"column":6},"end":{"line":371,"column":24}},"152":{"start":{"line":374,"column":5},"end":{"line":374,"column":101}},"153":{"start":{"line":376,"column":5},"end":{"line":376,"column":24}},"154":{"start":{"line":378,"column":5},"end":{"line":380,"column":6}},"155":{"start":{"line":379,"column":6},"end":{"line":379,"column":23}},"156":{"start":{"line":382,"column":5},"end":{"line":382,"column":48}},"157":{"start":{"line":387,"column":2},"end":{"line":387,"column":16}},"158":{"start":{"line":394,"column":3},"end":{"line":394,"column":27}},"159":{"start":{"line":396,"column":3},"end":{"line":396,"column":35}},"160":{"start":{"line":398,"column":3},"end":{"line":398,"column":30}},"161":{"start":{"line":402,"column":3},"end":{"line":402,"column":37}},"162":{"start":{"line":404,"column":3},"end":{"line":406,"column":4}},"163":{"start":{"line":405,"column":4},"end":{"line":405,"column":11}},"164":{"start":{"line":408,"column":3},"end":{"line":410,"column":4}},"165":{"start":{"line":409,"column":4},"end":{"line":409,"column":18}},"166":{"start":{"line":415,"column":0},"end":{"line":422,"column":2}},"167":{"start":{"line":416,"column":1},"end":{"line":416,"column":18}},"168":{"start":{"line":417,"column":1},"end":{"line":417,"column":24}},"169":{"start":{"line":418,"column":1},"end":{"line":418,"column":20}},"170":{"start":{"line":420,"column":1},"end":{"line":420,"column":43}},"171":{"start":{"line":421,"column":1},"end":{"line":421,"column":24}},"172":{"start":{"line":424,"column":0},"end":{"line":462,"column":2}},"173":{"start":{"line":425,"column":1},"end":{"line":427,"column":2}},"174":{"start":{"line":426,"column":2},"end":{"line":426,"column":11}},"175":{"start":{"line":429,"column":1},"end":{"line":433,"column":2}},"176":{"start":{"line":430,"column":2},"end":{"line":432,"column":14}},"177":{"start":{"line":431,"column":3},"end":{"line":431,"column":48}},"178":{"start":{"line":435,"column":1},"end":{"line":443,"column":3}},"179":{"start":{"line":445,"column":1},"end":{"line":447,"column":2}},"180":{"start":{"line":446,"column":2},"end":{"line":446,"column":40}},"181":{"start":{"line":449,"column":1},"end":{"line":452,"column":2}},"182":{"start":{"line":450,"column":2},"end":{"line":450,"column":71}},"183":{"start":{"line":451,"column":2},"end":{"line":451,"column":51}},"184":{"start":{"line":454,"column":1},"end":{"line":454,"column":26}},"185":{"start":{"line":456,"column":1},"end":{"line":458,"column":14}},"186":{"start":{"line":457,"column":2},"end":{"line":457,"column":82}},"187":{"start":{"line":460,"column":1},"end":{"line":460,"column":147}},"188":{"start":{"line":464,"column":0},"end":{"line":483,"column":1}},"189":{"start":{"line":465,"column":1},"end":{"line":468,"column":2}},"190":{"start":{"line":467,"column":2},"end":{"line":467,"column":21}},"191":{"start":{"line":470,"column":1},"end":{"line":480,"column":11}},"192":{"start":{"line":471,"column":2},"end":{"line":474,"column":46}},"193":{"start":{"line":476,"column":2},"end":{"line":476,"column":64}},"194":{"start":{"line":477,"column":2},"end":{"line":479,"column":3}},"195":{"start":{"line":478,"column":3},"end":{"line":478,"column":17}},"196":{"start":{"line":482,"column":1},"end":{"line":482,"column":20}},"197":{"start":{"line":486,"column":0},"end":{"line":486,"column":100}},"198":{"start":{"line":488,"column":0},"end":{"line":503,"column":1}},"199":{"start":{"line":489,"column":1},"end":{"line":489,"column":25}},"200":{"start":{"line":491,"column":1},"end":{"line":502,"column":2}},"201":{"start":{"line":492,"column":2},"end":{"line":501,"column":3}},"202":{"start":{"line":493,"column":3},"end":{"line":497,"column":4}},"203":{"start":{"line":494,"column":4},"end":{"line":494,"column":49}},"204":{"start":{"line":496,"column":4},"end":{"line":496,"column":42}},"205":{"start":{"line":500,"column":3},"end":{"line":500,"column":65}},"206":{"start":{"line":505,"column":0},"end":{"line":505,"column":19}},"207":{"start":{"line":509,"column":0},"end":{"line":511,"column":1}},"208":{"start":{"line":510,"column":1},"end":{"line":510,"column":24}},"209":{"start":{"line":514,"column":0},"end":{"line":516,"column":1}},"210":{"start":{"line":515,"column":1},"end":{"line":515,"column":22}},"211":{"start":{"line":523,"column":0},"end":{"line":555,"column":2}},"212":{"start":{"line":558,"column":0},"end":{"line":563,"column":3}},"213":{"start":{"line":560,"column":1},"end":{"line":562,"column":2}},"214":{"start":{"line":561,"column":2},"end":{"line":561,"column":62}},"215":{"start":{"line":565,"column":0},"end":{"line":565,"column":45}},"216":{"start":{"line":566,"column":0},"end":{"line":566,"column":46}},"217":{"start":{"line":567,"column":0},"end":{"line":567,"column":48}},"218":{"start":{"line":568,"column":0},"end":{"line":568,"column":45}},"219":{"start":{"line":575,"column":0},"end":{"line":594,"column":2}},"220":{"start":{"line":596,"column":0},"end":{"line":596,"column":82}},"221":{"start":{"line":598,"column":0},"end":{"line":625,"column":1}},"222":{"start":{"line":599,"column":1},"end":{"line":606,"column":4}},"223":{"start":{"line":608,"column":1},"end":{"line":624,"column":32}},"224":{"start":{"line":631,"column":0},"end":{"line":659,"column":2}},"225":{"start":{"line":666,"column":0},"end":{"line":672,"column":3}},"226":{"start":{"line":674,"column":0},"end":{"line":680,"column":3}},"227":{"start":{"line":682,"column":0},"end":{"line":700,"column":3}},"228":{"start":{"line":702,"column":0},"end":{"line":711,"column":1}},"229":{"start":{"line":703,"column":1},"end":{"line":710,"column":4}},"230":{"start":{"line":713,"column":0},"end":{"line":713,"column":48}},"231":{"start":{"line":719,"column":0},"end":{"line":795,"column":5}},"232":{"start":{"line":720,"column":1},"end":{"line":722,"column":2}},"233":{"start":{"line":721,"column":2},"end":{"line":721,"column":9}},"234":{"start":{"line":724,"column":1},"end":{"line":791,"column":3}},"235":{"start":{"line":726,"column":2},"end":{"line":736,"column":4}},"236":{"start":{"line":738,"column":2},"end":{"line":789,"column":3}},"237":{"start":{"line":739,"column":3},"end":{"line":788,"column":6}},"238":{"start":{"line":740,"column":4},"end":{"line":740,"column":43}},"239":{"start":{"line":742,"column":4},"end":{"line":742,"column":31}},"240":{"start":{"line":743,"column":4},"end":{"line":743,"column":48}},"241":{"start":{"line":744,"column":4},"end":{"line":746,"column":5}},"242":{"start":{"line":745,"column":5},"end":{"line":745,"column":32}},"243":{"start":{"line":748,"column":4},"end":{"line":750,"column":5}},"244":{"start":{"line":749,"column":5},"end":{"line":749,"column":57}},"245":{"start":{"line":752,"column":4},"end":{"line":755,"column":5}},"246":{"start":{"line":753,"column":5},"end":{"line":753,"column":58}},"247":{"start":{"line":754,"column":5},"end":{"line":754,"column":51}},"248":{"start":{"line":757,"column":4},"end":{"line":757,"column":46}},"249":{"start":{"line":758,"column":4},"end":{"line":758,"column":44}},"250":{"start":{"line":760,"column":4},"end":{"line":760,"column":25}},"251":{"start":{"line":762,"column":4},"end":{"line":762,"column":34}},"252":{"start":{"line":764,"column":4},"end":{"line":764,"column":26}},"253":{"start":{"line":766,"column":4},"end":{"line":766,"column":35}},"254":{"start":{"line":768,"column":4},"end":{"line":768,"column":31}},"255":{"start":{"line":770,"column":4},"end":{"line":785,"column":6}},"256":{"start":{"line":771,"column":5},"end":{"line":784,"column":6}},"257":{"start":{"line":773,"column":6},"end":{"line":783,"column":7}},"258":{"start":{"line":774,"column":7},"end":{"line":774,"column":43}},"259":{"start":{"line":776,"column":7},"end":{"line":776,"column":36}},"260":{"start":{"line":778,"column":11},"end":{"line":783,"column":7}},"261":{"start":{"line":779,"column":7},"end":{"line":779,"column":94}},"262":{"start":{"line":782,"column":7},"end":{"line":782,"column":69}},"263":{"start":{"line":787,"column":4},"end":{"line":787,"column":19}},"264":{"start":{"line":793,"column":1},"end":{"line":793,"column":73}}},"branchMap":{"1":{"line":6,"type":"cond-expr","locations":[{"start":{"line":7,"column":3},"end":{"line":7,"column":9}},{"start":{"line":9,"column":2},"end":{"line":11,"column":6}}]},"2":{"line":9,"type":"cond-expr","locations":[{"start":{"line":10,"column":4},"end":{"line":10,"column":8}},{"start":{"line":11,"column":4},"end":{"line":11,"column":6}}]},"3":{"line":9,"type":"binary-expr","locations":[{"start":{"line":9,"column":3},"end":{"line":9,"column":43}},{"start":{"line":9,"column":47},"end":{"line":9,"column":80}}]},"4":{"line":29,"type":"if","locations":[{"start":{"line":29,"column":3},"end":{"line":29,"column":3}},{"start":{"line":29,"column":3},"end":{"line":29,"column":3}}]},"5":{"line":31,"type":"if","locations":[{"start":{"line":31,"column":10},"end":{"line":31,"column":10}},{"start":{"line":31,"column":10},"end":{"line":31,"column":10}}]},"6":{"line":43,"type":"if","locations":[{"start":{"line":43,"column":3},"end":{"line":43,"column":3}},{"start":{"line":43,"column":3},"end":{"line":43,"column":3}}]},"7":{"line":53,"type":"switch","locations":[{"start":{"line":54,"column":4},"end":{"line":63,"column":18}},{"start":{"line":65,"column":4},"end":{"line":67,"column":68}}]},"8":{"line":58,"type":"if","locations":[{"start":{"line":58,"column":6},"end":{"line":58,"column":6}},{"start":{"line":58,"column":6},"end":{"line":58,"column":6}}]},"9":{"line":67,"type":"binary-expr","locations":[{"start":{"line":67,"column":12},"end":{"line":67,"column":17}},{"start":{"line":67,"column":21},"end":{"line":67,"column":67}}]},"10":{"line":95,"type":"binary-expr","locations":[{"start":{"line":95,"column":10},"end":{"line":95,"column":14}},{"start":{"line":95,"column":18},"end":{"line":95,"column":29}}]},"11":{"line":98,"type":"if","locations":[{"start":{"line":98,"column":3},"end":{"line":98,"column":3}},{"start":{"line":98,"column":3},"end":{"line":98,"column":3}}]},"12":{"line":102,"type":"if","locations":[{"start":{"line":102,"column":5},"end":{"line":102,"column":5}},{"start":{"line":102,"column":5},"end":{"line":102,"column":5}}]},"13":{"line":114,"type":"if","locations":[{"start":{"line":114,"column":4},"end":{"line":114,"column":4}},{"start":{"line":114,"column":4},"end":{"line":114,"column":4}}]},"14":{"line":116,"type":"if","locations":[{"start":{"line":116,"column":5},"end":{"line":116,"column":5}},{"start":{"line":116,"column":5},"end":{"line":116,"column":5}}]},"15":{"line":120,"type":"if","locations":[{"start":{"line":120,"column":7},"end":{"line":120,"column":7}},{"start":{"line":120,"column":7},"end":{"line":120,"column":7}}]},"16":{"line":132,"type":"if","locations":[{"start":{"line":132,"column":4},"end":{"line":132,"column":4}},{"start":{"line":132,"column":4},"end":{"line":132,"column":4}}]},"17":{"line":132,"type":"binary-expr","locations":[{"start":{"line":132,"column":8},"end":{"line":132,"column":30}},{"start":{"line":132,"column":34},"end":{"line":132,"column":47}}]},"18":{"line":142,"type":"binary-expr","locations":[{"start":{"line":142,"column":13},"end":{"line":142,"column":20}},{"start":{"line":142,"column":24},"end":{"line":142,"column":26}}]},"19":{"line":144,"type":"if","locations":[{"start":{"line":144,"column":4},"end":{"line":144,"column":4}},{"start":{"line":144,"column":4},"end":{"line":144,"column":4}}]},"20":{"line":145,"type":"binary-expr","locations":[{"start":{"line":145,"column":31},"end":{"line":145,"column":35}},{"start":{"line":145,"column":39},"end":{"line":145,"column":40}}]},"21":{"line":147,"type":"if","locations":[{"start":{"line":147,"column":5},"end":{"line":147,"column":5}},{"start":{"line":147,"column":5},"end":{"line":147,"column":5}}]},"22":{"line":147,"type":"binary-expr","locations":[{"start":{"line":147,"column":9},"end":{"line":147,"column":39}},{"start":{"line":147,"column":43},"end":{"line":147,"column":71}}]},"23":{"line":151,"type":"if","locations":[{"start":{"line":151,"column":10},"end":{"line":151,"column":10}},{"start":{"line":151,"column":10},"end":{"line":151,"column":10}}]},"24":{"line":151,"type":"binary-expr","locations":[{"start":{"line":151,"column":14},"end":{"line":151,"column":43}},{"start":{"line":151,"column":47},"end":{"line":151,"column":75}}]},"25":{"line":169,"type":"binary-expr","locations":[{"start":{"line":169,"column":17},"end":{"line":169,"column":29}},{"start":{"line":169,"column":33},"end":{"line":169,"column":72}}]},"26":{"line":180,"type":"binary-expr","locations":[{"start":{"line":180,"column":9},"end":{"line":180,"column":15}},{"start":{"line":180,"column":19},"end":{"line":180,"column":47}}]},"27":{"line":184,"type":"if","locations":[{"start":{"line":184,"column":2},"end":{"line":184,"column":2}},{"start":{"line":184,"column":2},"end":{"line":184,"column":2}}]},"28":{"line":185,"type":"binary-expr","locations":[{"start":{"line":185,"column":15},"end":{"line":185,"column":43}},{"start":
[...]
extContent = env.code;","","\t\t\tpre.appendChild(code);","\t\t\tenv.element.parentNode.replaceChild(pre, env.element);","\t\t\tenv.element = code;","\t\t\treturn;","\t\t}","","\t\tvar pre = env.element.parentNode;","\t\tif (!env.code && pre && pre.nodeName.toLowerCase() == 'pre' &&","\t\t\t\tenv.element.childNodes.length && env.element.childNodes[0].nodeName == \"#comment\") {","\t\t\tenv.element.textContent = env.code = env.element.childNodes[0].textContent;","\t\t}","\t});","}());",""],"l":{"1":1,"3":1,"4":1,"7":0,"9":0,"10":0,"14":0,"15":0,"16":0,"19":0,"20":0,"21":0,"23":0,"25":0,"26":0,"28":0,"29":0,"30":0,"31":0,"34":0,"35":0,"37":0}},"/home/travis/build/npmtest/node-npmtest-prismjs/node_modules/prismjs/plugins/wpd/prism-wpd.js":{"path":"/home/travis/build/npmtest/node-npmtest-prismjs/node_modules/prismjs/plugins/wpd/prism-wpd.js","s":{"1":1,"2":1,"3":0,"4":1,"5":1,"6":0,"7":0,"8":1,"9":1,"10":1,"11":1,"12":1,"13":1,"14":0,"15":0,"16":0,"17":0,"18":0,"19":0,"20":0,"21":0,"22":0,"23":0,"24":0,"25":0,"26":0,"27":0,"28":0,"29":0,"30":0,"31":0,"32":0,"33":0,"34":0,"35":0,"36":0,"37":0,"38":0,"39":0,"40":0,"41":0,"42":1,"43":0,"44":0,"45":0,"46":0,"47":0,"48":0,"49":0,"50":0,"51":0,"52":0,"53":0,"54":0,"55":0,"56":0,"57":0,"58":0,"59":0,"60":0,"61":0,"62":0,"63":0,"64":0,"65":0,"66":0,"67":0},"b":{"1":[0,1],"2":[1,0,1,1],"3":[1,0],"4":[0,1],"5":[1,0],"6":[0,0],"7":[0,0,0,0,0,0,0,0,0,0,0,0],"8":[0,0],"9":[0,0,0],"10":[0,0],"11":[0,0],"12":[0,0],"13":[0,0],"14":[0,0],"15":[0,0],"16":[0,0],"17":[0,0],"18":[0,0],"19":[0,0],"20":[0,0],"21":[0,0],"22":[0,0],"23":[0,0],"24":[0,0],"25":[0,0],"26":[0,0],"27":[0,0],"28":[0,0],"29":[0,0],"30":[0,0],"31":[0,0],"32":[0,0],"33":[0,0],"34":[0,0],"35":[0,0],"36":[0,0]},"f":{"1":1,"2":0,"3":0},"fnMap":{"1":{"name":"(anonymous_1)","line":1,"loc":{"start":{"line":1,"column":1},"end":{"line":1,"column":11}}},"2":{"name":"(anonymous_2)","line":55,"loc":{"start":{"line":55,"column":24},"end":{"line":55,"column":38}}},"3":{"name":"getLanguage","line":120,"loc":{"start":{"line":120,"column":0},"end":{"line":120,"column":26}}}},"statementMap":{"1":{"start":{"line":1,"column":0},"end":{"line":169,"column":5}},"2":{"start":{"line":3,"column":0},"end":{"line":8,"column":1}},"3":{"start":{"line":7,"column":1},"end":{"line":7,"column":8}},"4":{"start":{"line":10,"column":0},"end":{"line":27,"column":1}},"5":{"start":{"line":12,"column":1},"end":{"line":26,"column":2}},"6":{"start":{"line":14,"column":2},"end":{"line":14,"column":66}},"7":{"start":{"line":15,"column":2},"end":{"line":15,"column":69}},"8":{"start":{"line":19,"column":2},"end":{"line":25,"column":4}},"9":{"start":{"line":29,"column":0},"end":{"line":51,"column":1}},"10":{"start":{"line":30,"column":1},"end":{"line":30,"column":67}},"11":{"start":{"line":32,"column":1},"end":{"line":50,"column":2}},"12":{"start":{"line":53,"column":0},"end":{"line":53,"column":13}},"13":{"start":{"line":55,"column":0},"end":{"line":118,"column":3}},"14":{"start":{"line":56,"column":1},"end":{"line":117,"column":2}},"15":{"start":{"line":64,"column":2},"end":{"line":116,"column":3}},"16":{"start":{"line":68,"column":3},"end":{"line":68,"column":50}},"17":{"start":{"line":70,"column":3},"end":{"line":70,"column":17}},"18":{"start":{"line":72,"column":3},"end":{"line":72,"column":45}},"19":{"start":{"line":74,"column":3},"end":{"line":110,"column":4}},"20":{"start":{"line":75,"column":4},"end":{"line":75,"column":24}},"21":{"start":{"line":77,"column":4},"end":{"line":88,"column":5}},"22":{"start":{"line":78,"column":5},"end":{"line":78,"column":27}},"23":{"start":{"line":80,"column":9},"end":{"line":88,"column":5}},"24":{"start":{"line":81,"column":5},"end":{"line":81,"column":24}},"25":{"start":{"line":83,"column":9},"end":{"line":88,"column":5}},"26":{"start":{"line":84,"column":5},"end":{"line":84,"column":41}},"27":{"start":{"line":86,"column":9},"end":{"line":88,"column":5}},"28":{"start":{"line":87,"column":5},"end":{"line":87,"column":42}},"29":{"start":{"line":90,"column":8},"end":{"line":110,"column":4}},"30":{"start":{"line":91,"column":4},"end":{"line":109,"column":5}},"31":{"start":{"line":93,"column":5},"end":{"line":93,"column":53}},"32":{"start":{"line":95,"column":5},"end":{"line":100,"column":6}},"33":{"start":{"line":96,"column":6},"end":{"line":96,"column":48}},"34":{"start":{"line":99,"column":6},"end":{"line":99,"column":24}},"35":{"start":{"line":102,"column":9},"end":{"line":109,"column":5}},"36":{"start":{"line":103,"column":5},"end":{"line":108,"column":6}},"37":{"start":{"line":104,"column":6},"end":{"line":104,"column":50}},"38":{"start":{"line":107,"column":6},"end":{"line":107,"column":24}},"39":{"start":{"line":112,"column":3},"end":{"line":112,"column":23}},"40":{"start":{"line":114,"column":3},"end":{"line":114,"column":30}},"41":{"start":{"line":115,"column":3},"end":{"line":115,"column":36}},"42":{"start":{"line":120,"column":0},"end":{"line":167,"column":1}},"43":{"start":{"line":121,"column":1},"end":{"line":121,"column":30}},"44":{"start":{"line":123,"column":1},"end":{"line":131,"column":2}},"45":{"start":{"line":124,"column":2},"end":{"line":124,"column":16}},"46":{"start":{"line":126,"column":6},"end":{"line":131,"column":2}},"47":{"start":{"line":127,"column":2},"end":{"line":127,"column":15}},"48":{"start":{"line":129,"column":6},"end":{"line":131,"column":2}},"49":{"start":{"line":130,"column":2},"end":{"line":130,"column":18}},"50":{"start":{"line":134,"column":1},"end":{"line":141,"column":2}},"51":{"start":{"line":135,"column":2},"end":{"line":135,"column":108}},"52":{"start":{"line":137,"column":2},"end":{"line":140,"column":3}},"53":{"start":{"line":138,"column":3},"end":{"line":138,"column":23}},"54":{"start":{"line":139,"column":3},"end":{"line":139,"column":17}},"55":{"start":{"line":143,"column":1},"end":{"line":143,"column":21}},"56":{"start":{"line":145,"column":1},"end":{"line":152,"column":2}},"57":{"start":{"line":146,"column":2},"end":{"line":146,"column":138}},"58":{"start":{"line":148,"column":2},"end":{"line":151,"column":3}},"59":{"start":{"line":149,"column":3},"end":{"line":149,"column":21}},"60":{"start":{"line":150,"column":3},"end":{"line":150,"column":16}},"61":{"start":{"line":154,"column":1},"end":{"line":154,"column":19}},"62":{"start":{"line":157,"column":1},"end":{"line":162,"column":2}},"63":{"start":{"line":158,"column":2},"end":{"line":161,"column":3}},"64":{"start":{"line":159,"column":3},"end":{"line":159,"column":24}},"65":{"start":{"line":160,"column":3},"end":{"line":160,"column":19}},"66":{"start":{"line":164,"column":1},"end":{"line":164,"column":22}},"67":{"start":{"line":166,"column":1},"end":{"line":166,"column":13}}},"branchMap":{"1":{"line":3,"type":"if","locations":[{"start":{"line":3,"column":0},"end":{"line":3,"column":0}},{"start":{"line":3,"column":0},"end":{"line":3,"column":0}}]},"2":{"line":4,"type":"binary-expr","locations":[{"start":{"line":4,"column":1},"end":{"line":4,"column":28}},{"start":{"line":4,"column":32},"end":{"line":4,"column":43}},{"start":{"line":5,"column":1},"end":{"line":5,"column":30}},{"start":{"line":5,"column":34},"end":{"line":5,"column":47}}]},"3":{"line":10,"type":"if","locations":[{"start":{"line":10,"column":0},"end":{"line":10,"column":0}},{"start":{"line":10,"column":0},"end":{"line":10,"column":0}}]},"4":{"line":12,"type":"if","locations":[{"start":{"line":12,"column":1},"end":{"line":12,"column":1}},{"start":{"line":12,"column":1},"end":{"line":12,"column":1}}]},"5":{"line":29,"type":"if","locations":[{"start":{"line":29,"column":0},"end":{"line":29,"column":0}},{"start":{"line":29,"column":0},"end":{"line":29,"column":0}}]},"6":{"line":56,"type":"if","locations":[{"start":{"line":56,"column":1},"end":{"line":56,"column":1}},{"start":{"line":56,"column":1},"end":{"line":56,"column":1}}]},"7":{"line":56,"type":"binary-expr","locations":[{"start":{"line":56,"column":6},"end":{"line":56,"column":26}},{"start":{"line":57,"column":6},"end":{"line":57,"column":28}},{"start":{"line":57,"column":32},"end":{"line":57,"column":61}},{"start":{"line":58,"column":6},"end":{"line":58,"column":24}},{"start":{"line":58,"column":27},"end":{"line":58,"column":57}},{"start":{"line":59,"column":6},"end":{"line":59,"column":32}},{"start":{"line":59,"column":35},"end":{"line":59,"column":65}},{"start":{"line":60,"column":6},"end":{"line":60,"column":34}},{"start":{"line":60,"column":37},"end":{"line":60,"column":68}},{"start":{"line":61,"column":12},"end":{"line":61,"column":35}},{"start":{"line":61,"column":39},"end":{"line":61,"column":72}},{"start":{"line":62,"column":7},"end":{"line":62,"column":38}}]},"8":{"line":64,"type":"if","locations":[{"start":{"line":64,"column":2},"end":{"line":64,"column":2}},{"start":{"line":64,"column":2},"end":{"line":64,"column":2}}]},"9":{"line":64,"type":"binary-expr","locations":[{"start":{"line":64,"column":6},"end":{"line":64,"column":27}},{"start":{"line":65,"column":6},"end":{"line":65,"column":28}},{"start":{"line":66,"column":6},"end":{"line":66,"column":30}}]},"10":{"line":74,"type":"if","locations":[{"start":{"line":74,"column":3},"end":{"line":74,"column":3}},{"start":{"line":74,"column":3},"end":{"line":74,"column":3}}]},"11":{"line":74,"type":"binary-expr","locations":[{"start":{"line":74,"column":7},"end":{"line":74,"column":28}},{"start":{"line":74,"column":32},"end":{"line":74,"column":54}}]},"12":{"line":77,"type":"if","locations":[{"start":{"line":77,"column":4},"end":{"line":77,"column":4}},{"start":{"line":77,"column":4},"end":{"line":77,"column":4}}]},"13":{"line":80,"type":"if","locations":[{"start":{"line":80,"column":9},"end":{"line":80,"column":9}},{"start":{"line":80,"column":9},"end":{"line":80,"column":9}}]},"14":{"line":83,"type":"if","locations":[{"start":{"line":83,"column":9},"end":{"line":83,"column":9}},{"start":{"line":83,"column":9},"end":{"line":83,"column":9}}]},"15":{"line":86,"type":"if","locations":[{"start":{"line":86,"column":9},"end":{"line":86,"column":9}},{"start":{"line":86,"column":9},"end":{"line":86,"column":9}}]},"16":{"line":90,"type":"if","locations":[{"start":{"line":90,"column":8},"end":{"line":90,"column":8}},{"start":{"line":90,"column":8},"end":{"line":90,"column":8}}]},"17":{"line":91,"type":"if","locations":[{"start":{"line":91,"column":4},"end":{"line":91,"column":4}},{"start":{"line":91,"column":4},"end":{"line":91,"column":4}}]},"18":{"line":93,"type":"binary-expr","locations":[{"start":{"line":93,"column":16},"end":{"line":93,"column":40}},{"start":{"line":93,"column":44},"end":{"line":93,"column":52}}]},"19":{"line":95,"type":"if","locations":[{"start":{"line":95,"column":5},"end":{"line":95,"column":5}},{"start":{"line":95,"column":5},"end":{"line":95,"column":5}}]},"20":{"line":102,"type":"if","locations":[{"start":{"line":102,"column":9},"end":{"line":102,"column":9}},{"start":{"line":102,"column":9},"end":{"line":102,"column":9}}]},"21":{"line":103,"type":"if","locations":[{"start":{"line":103,"column":5},"end":{"line":103,"column":5}},{"start":{"line":103,"column":5},"end":{"line":103,"column":5}}]},"22":{"line":123,"type":"if","locations":[{"start":{"line":123,"column":1},"end":{"line":123,"column":1}},{"start":{"line":123,"column":1},"end":{"line":123,"column":1}}]},"23":{"line":126,"type":"if","locations":[{"start":{"line":126,"column":6},"end":{"line":126,"column":6}},{"start":{"line":126,"column":6},"end":{"line":126,"column":6}}]},"24":{"line":129,"type":"if","locations":[{"start":{"line":129,"column":6},"end":{"line":129,"column":6}},{"start":{"line":129,"column":6},"end":{"line":129,"column":6}}]},"25":{"line":134,"type":"if","locations":[{"start":{"line":134,"column":1},"end":{"line":134,"column":1}},{"start":{"line":134,"column":1},"end":{"line":134,"column":1}}]},"26":{"line":134,"type":"binary-expr","locations":[{"start":{"line":134,"column":5},"end":{"line":134,"column":26}},{"start":{"line":134,"column":30},"end":{"line":134,"column":61}}]},"27":{"line":135,"type":"binary-expr","locations":[{"start":{"line":135,"column":23},"end":{"line":135,"column":97}},{"start":{"line":135,"column":101},"end":{"line":135,"column":103}}]},"28":{"line":137,"type":"if","locations":[{"start":{"line":137,"column":2},"end":{"line":137,"column":2}},{"start":{"line":137,"column":2},"end":{"line":137,"column":2}}]},"29":{"line":137,"type":"binary-expr","locations":[{"start":{"line":137,"column":6},"end":{"line":137,"column":19}},{"start":{"line":137,"column":23},"end":{"line":137,"column":49}}]},"30":{"line":145,"type":"if","locations":[{"start":{"line":145,"column":1},"end":{"line":145,"column":1}},{"start":{"line":145,"column":1},"end":{"line":145,"column":1}}]},"31":{"line":145,"type":"binary-expr","locations":[{"start":{"line":145,"column":5},"end":{"line":145,"column":24}},{"start":{"line":145,"column":28},"end":{"line":145,"column":59}}]},"32":{"line":146,"type":"binary-expr","locations":[{"start":{"line":146,"column":22},"end":{"line":146,"column":127}},{"start":{"line":146,"column":131},"end":{"line":146,"column":133}}]},"33":{"line":148,"type":"if","locations":[{"start":{"line":148,"column":2},"end":{"line":148,"column":2}},{"start":{"line":148,"column":2},"end":{"line":148,"column":2}}]},"34":{"line":148,"type":"binary-expr","locations":[{"start":{"line":148,"column":6},"end":{"line":148,"column":18}},{"start":{"line":148,"column":22},"end":{"line":148,"column":47}}]},"35":{"line":157,"type":"if","locations":[{"start":{"line":157,"column":1},"end":{"line":157,"column":1}},{"start":{"line":157,"column":1},"end":{"line":157,"column":1}}]},"36":{"line":158,"type":"if","locations":[{"start":{"line":158,"column":2},"end":{"line":158,"column":2}},{"start":{"line":158,"column":2},"end":{"line":158,"column":2}}]}},"code":["(function(){","","if (","\ttypeof self !== 'undefined' && !self.Prism ||","\ttypeof global !== 'undefined' && !global.Prism",") {","\treturn;","}","","if (Prism.languages.css) {","\t// check whether the selector is an advanced pattern before extending it","\tif (Prism.languages.css.selector.pattern)","\t{","\t\tPrism.languages.css.selector.inside['pseudo-class'] = /:[\\w-]+/;","\t\tPrism.languages.css.selector.inside['pseudo-element'] = /::[\\w-]+/;","\t}","\telse","\t{","\t\tPrism.languages.css.selector = {","\t\t\tpattern: Prism.languages.css.selector,","\t\t\tinside: {","\t\t\t\t'pseudo-class': /:[\\w-]+/,","\t\t\t\t'pseudo-element': /::[\\w-]+/","\t\t\t}","\t\t};","\t}","}","","if (Prism.languages.markup) {","\tPrism.languages.markup.tag.inside.tag.inside['tag-id'] = /[\\w-]+/;","\t","\tvar Tags = {","\t\tHTML: {","\t\t\t'a': 1, 'abbr': 1, 'acronym': 1, 'b': 1, 'basefont': 1, 'bdo': 1, 'big': 1, 'blink': 1, 'cite': 1, 'code': 1, 'dfn': 1, 'em': 1, 'kbd': 1,  'i': 1, ","\t\t\t'rp': 1, 'rt': 1, 'ruby': 1, 's': 1, 'samp': 1, 'small': 1, 'spacer': 1, 'strike': 1, 'strong': 1, 'sub': 1, 'sup': 1, 'time': 1, 'tt': 1,  'u': 1, ","\t\t\t'var': 1, 'wbr': 1, 'noframes': 1, 'summary': 1, 'command': 1, 'dt': 1, 'dd': 1, 'figure': 1, 'figcaption': 1, 'center': 1, 'section': 1, 'nav': 1,","\t\t\t'article': 1, 'aside': 1, 'hgroup': 1, 'header': 1, 'footer': 1, 'address': 1, 'noscript': 1, 'isIndex': 1, 'main': 1, 'mark': 1, 'marquee': 1,","\t\t\t'meter': 1, 'menu': 1","\t\t},","\t\tSVG: {","\t\t\t'animateColor': 1, 'animateMotion': 1, 'animateTransform': 1, 'glyph': 1, 'feBlend': 1, 'feColorMatrix': 1, 'feComponentTransfer': 1, ","\t\t\t'feFuncR': 1, 'feFuncG': 1, 'feFuncB': 1, 'feFuncA': 1, 'feComposite': 1, 'feConvolveMatrix': 1, 'feDiffuseLighting': 1, 'feDisplacementMap': 1, ","\t\t\t'feFlood': 1, 'feGaussianBlur': 1, 'feImage': 1, 'feMerge': 1, 'feMergeNode': 1, 'feMorphology': 1, 'feOffset': 1, 'feSpecularLighting': 1, ","\t\t\t'feTile': 1, 'feTurbulence': 1, 'feDistantLight': 1, 'fePointLight': 1, 'feSpotLight': 1, 'linearGradient': 1, 'radialGradient': 1, 'altGlyph': 1, ","\t\t\t'textPath': 1, 'tref': 1, 'altglyph': 1, 'textpath': 1, 'altglyphdef': 1, 'altglyphitem': 1, 'clipPath': 1, 'color-profile': 1, 'cursor': 1,","\t\t\t'font-face': 1, 'font-face-format': 1, 'font-face-name': 1, 'font-face-src': 1, 'font-face-uri': 1, 'foreignObject': 1, 'glyphRef': 1,","\t\t\t'hkern': 1, 'vkern': 1","\t\t},","\t\tMathML: {}","\t}","}","","var language;","","Prism.hooks.add('wrap', function(env) {","\tif ((env.type == 'tag-id'","\t\t|| (env.type == 'property' && env.content.indexOf('-') != 0)","\t\t|| (env.type == 'rule'&& env.content.indexOf('@-') != 0)","\t\t|| (env.type == 'pseudo-class'&& env.content.indexOf(':-') != 0) ","\t\t|| (env.type == 'pseudo-element'&& env.content.indexOf('::-') != 0) ","        || (env.type == 'attr-name' && env.content.indexOf('data-') != 0)","\t\t) && env.content.indexOf('<') === -1","\t) {","\t\tif (env.language == 'css'","\t\t\t|| env.language == 'scss'","\t\t\t|| env.language == 'markup'","\t\t) {","\t\t\tvar searchURL = 'w/index.php?fulltext&search=';","","\t\t\tenv.tag = 'a';","","\t\t\tvar href = 'http://docs.webplatform.org/';","","\t\t\tif (env.language == 'css' || env.language == 'scss') {","\t\t\t\thref += 'wiki/css/';","","\t\t\t\tif (env.type == 'property') {","\t\t\t\t\thref += 'properties/';","\t\t\t\t}","\t\t\t\telse if (env.type == 'rule') {","\t\t\t\t\thref += 'atrules/';","\t\t\t\t}","\t\t\t\telse if (env.type == 'pseudo-class') {","\t\t\t\t\thref += 'selectors/pseudo-classes/';","\t\t\t\t}","\t\t\t\telse if (env.type == 'pseudo-element') {","\t\t\t\t\thref += 'selectors/pseudo-elements/';","\t\t\t\t}","\t\t\t}","\t\t\telse if (env.language == 'markup') {","\t\t\t\tif (env.type == 'tag-id') {","\t\t\t\t\t// Check language","\t\t\t\t\tlanguage = getLanguage(env.content) || language;","","\t\t\t\t\tif (language) {","\t\t\t\t\t\thref += 'wiki/' + language + '/elements/';","\t\t\t\t\t}","\t\t\t\t\telse {","\t\t\t\t\t\thref += searchURL;","\t\t\t\t\t}","\t\t\t\t}","\t\t\t\telse if (env.type == 'attr-name') {","\t\t\t\t\tif (language) {","\t\t\t\t\t\thref += 'wiki/' + language + '/attributes/';","\t\t\t\t\t}","\t\t\t\t\telse {","\t\t\t\t\t\thref += searchURL;","\t\t\t\t\t}","\t\t\t\t}","\t\t\t}","","\t\t\thref += env.content;","","\t\t\tenv.attributes.href = href;","\t\t\tenv.attributes.target = '_blank';","\t\t}","\t}","});","","function getLanguage(tag) {","\tvar tagL = tag.toLowerCase();","\t","\tif (Tags.HTML[tagL]) {","\t\treturn 'html';","\t}","\telse if (Tags.SVG[tag]) {","\t\treturn 'svg';","\t}","\telse if (Tags.MathML[tag]) {","\t\treturn 'mathml';","\t}","\t","\t// Not in dictionary, perform check","\tif (Tags.HTML[tagL] !== 0 && typeof document !== 'undefined') {","\t\tvar htmlInterface = (document.createElement(tag).toString().match(/\\[object HTML(.+)Element\\]/) || [])[1];","\t\t","\t\tif (htmlInterface && htmlInterface != 'Unknown') {","\t\t\tTags.HTML[tagL] = 1;","\t\t\treturn 'html';","\t\t}","\t}","\t","\tTags.HTML[tagL] = 0;","\t","\tif (Tags.SVG[tag] !== 0 && typeof document !== 'undefined') {","\t\tvar svgInterface = (document.createElementNS('http://www.w3.org/2000/svg', tag).toString().match(/\\[object SVG(.+)Element\\]/) || [])[1];","\t\t","\t\tif (svgInterface && svgInterface != 'Unknown') {","\t\t\tTags.SVG[tag] = 1;","\t\t\treturn 'svg';","\t\t}","\t}","\t","\tTags.SVG[tag] = 0;","\t","\t// Lame way to detect MathML, but browsers don’t expose interface names there :(","\tif (Tags.MathML[tag] !== 0) {","\t\tif (tag.indexOf('m') === 0) {","\t\t\tTags.MathML[tag] = 1;","\t\t\treturn 'mathml';","\t\t}","\t}","\t","\tTags.MathML[tag] = 0;","\t","\treturn null;","}","","})();"],"l":{"1":1,"3":1,"7":0,"10":1,"12":1,"14":0,"15":0,"19":1,"29":1,"30":1,"32":1,"53":1,"55":1,"56":0,"64":0,"68":0,"70":0,"72":0,"74":0,"75":0,"77":0,"78":0,"80":0,"81":0,"83":0,"84":0,"86":0,"87":0,"90":0,"91":0,"93":0,"95":0,"96":0,"99":0,"102":0,"103":0,"104":0,"107":0,"112":0,"114":0,"115":0,"120":1,"121":0,"123":0,"124":0,"126":0,"127":0,"129":0,"130":0,"134":0,"135":0,"137":0,"138":0,"139":0,"143":0,"145":0,"146":0,"148":0,"149":0,"150":0,"154":0,"157":0,"158":0,"159":0,"160":0,"164":0,"166":0}}}